2022-03-02T11:29:49.348+0300 [DEBUG] [org.gradle.launcher.daemon.bootstrap.DaemonMain] Assuming the daemon was started with following jvm opts: [-XX:MaxMetaspaceSize=256m, -XX:+HeapDumpOnOutOfMemoryError, -Xms256m, -Xmx512m, -Dfile.encoding=windows-1251, -Duser.country=RU, -Duser.language=ru, -Duser.variant]
2022-03-02T11:29:49.458+0300 [DEBUG] [org.gradle.internal.nativeintegration.services.NativeServices] Native-platform posix files integration is not available. Continuing with fallback.
2022-03-02T11:29:49.472+0300 [INFO] [org.gradle.launcher.daemon.server.Daemon] start() called on daemon - DefaultDaemonContext[uid=f40063bd-a911-4a73-ad9d-79c45c65df33,javaHome=C:\Program Files\Java\jdk1.8.0_231,daemonRegistryDir=C:\Users\Ann\Documents\GitHub\java_automation_course\sandbox\daemon,pid=17192,idleTimeout=10800000,priority=NORMAL,daemonOpts=-XX:MaxMetaspaceSize=256m,-XX:+HeapDumpOnOutOfMemoryError,-Xms256m,-Xmx512m,-Dfile.encoding=windows-1251,-Duser.country=RU,-Duser.language=ru,-Duser.variant]
2022-03-02T11:29:49.934+0300 [DEBUG] [org.gradle.internal.remote.internal.inet.InetAddresses] Adding IP addresses for network interface Software Loopback Interface 1
2022-03-02T11:29:49.936+0300 [DEBUG] [org.gradle.internal.remote.internal.inet.InetAddresses] Is this a loopback interface? true
2022-03-02T11:29:49.937+0300 [DEBUG] [org.gradle.internal.remote.internal.inet.InetAddresses] Adding loopback address /127.0.0.1
2022-03-02T11:29:49.937+0300 [DEBUG] [org.gradle.internal.remote.internal.inet.InetAddresses] Adding loopback address /0:0:0:0:0:0:0:1
2022-03-02T11:29:49.938+0300 [DEBUG] [org.gradle.internal.remote.internal.inet.InetAddresses] Adding IP addresses for network interface Microsoft 6to4 Adapter
2022-03-02T11:29:49.940+0300 [DEBUG] [org.gradle.internal.remote.internal.inet.InetAddresses] Is this a loopback interface? false
2022-03-02T11:29:49.940+0300 [DEBUG] [org.gradle.internal.remote.internal.inet.InetAddresses] Adding IP addresses for network interface Microsoft Kernel Debug Network Adapter
2022-03-02T11:29:49.942+0300 [DEBUG] [org.gradle.internal.remote.internal.inet.InetAddresses] Is this a loopback interface? false
2022-03-02T11:29:49.942+0300 [DEBUG] [org.gradle.internal.remote.internal.inet.InetAddresses] Adding IP addresses for network interface WAN Miniport (L2TP)
2022-03-02T11:29:49.945+0300 [DEBUG] [org.gradle.internal.remote.internal.inet.InetAddresses] Is this a loopback interface? false
2022-03-02T11:29:49.945+0300 [DEBUG] [org.gradle.internal.remote.internal.inet.InetAddresses] Adding IP addresses for network interface WAN Miniport (Network Monitor)
2022-03-02T11:29:49.947+0300 [DEBUG] [org.gradle.internal.remote.internal.inet.InetAddresses] Is this a loopback interface? false
2022-03-02T11:29:49.947+0300 [DEBUG] [org.gradle.internal.remote.internal.inet.InetAddresses] Adding IP addresses for network interface Realtek Gaming GbE Family Controller
2022-03-02T11:29:49.949+0300 [DEBUG] [org.gradle.internal.remote.internal.inet.InetAddresses] Is this a loopback interface? false
2022-03-02T11:29:49.950+0300 [DEBUG] [org.gradle.internal.remote.internal.inet.InetAddresses] Adding remote address /fe80:0:0:0:4c30:116:4a7e:b869%eth2
2022-03-02T11:29:49.950+0300 [DEBUG] [org.gradle.internal.remote.internal.inet.InetAddresses] Adding IP addresses for network interface Microsoft IP-HTTPS Platform Adapter
2022-03-02T11:29:49.952+0300 [DEBUG] [org.gradle.internal.remote.internal.inet.InetAddresses] Is this a loopback interface? false
2022-03-02T11:29:49.952+0300 [DEBUG] [org.gradle.internal.remote.internal.inet.InetAddresses] Adding IP addresses for network interface WAN Miniport (IPv6)
2022-03-02T11:29:49.954+0300 [DEBUG] [org.gradle.internal.remote.internal.inet.InetAddresses] Is this a loopback interface? false
2022-03-02T11:29:49.955+0300 [DEBUG] [org.gradle.internal.remote.internal.inet.InetAddresses] Adding IP addresses for network interface Remote NDIS Compatible Device
2022-03-02T11:29:49.956+0300 [DEBUG] [org.gradle.internal.remote.internal.inet.InetAddresses] Is this a loopback interface? false
2022-03-02T11:29:49.957+0300 [DEBUG] [org.gradle.internal.remote.internal.inet.InetAddresses] Adding IP addresses for network interface WAN Miniport (PPTP)
2022-03-02T11:29:49.959+0300 [DEBUG] [org.gradle.internal.remote.internal.inet.InetAddresses] Is this a loopback interface? false
2022-03-02T11:29:49.959+0300 [DEBUG] [org.gradle.internal.remote.internal.inet.InetAddresses] Adding IP addresses for network interface TP-Link Wireless USB Adapter
2022-03-02T11:29:49.961+0300 [DEBUG] [org.gradle.internal.remote.internal.inet.InetAddresses] Is this a loopback interface? false
2022-03-02T11:29:49.961+0300 [DEBUG] [org.gradle.internal.remote.internal.inet.InetAddresses] Adding remote address /192.168.1.71
2022-03-02T11:29:49.961+0300 [DEBUG] [org.gradle.internal.remote.internal.inet.InetAddresses] Adding remote address /fe80:0:0:0:3d4a:6ef7:980d:7972%wlan0
2022-03-02T11:29:49.961+0300 [DEBUG] [org.gradle.internal.remote.internal.inet.InetAddresses] Adding IP addresses for network interface Qualcomm Wireless HS-USB Ethernet Adapter 9091 #2
2022-03-02T11:29:49.963+0300 [DEBUG] [org.gradle.internal.remote.internal.inet.InetAddresses] Is this a loopback interface? false
2022-03-02T11:29:49.964+0300 [DEBUG] [org.gradle.internal.remote.internal.inet.InetAddresses] Adding IP addresses for network interface Microsoft Wi-Fi Direct Virtual Adapter #2
2022-03-02T11:29:49.966+0300 [DEBUG] [org.gradle.internal.remote.internal.inet.InetAddresses] Is this a loopback interface? false
2022-03-02T11:29:49.966+0300 [DEBUG] [org.gradle.internal.remote.internal.inet.InetAddresses] Adding remote address /fe80:0:0:0:1d5f:53b3:4ef4:38fe%wlan1
2022-03-02T11:29:49.966+0300 [DEBUG] [org.gradle.internal.remote.internal.inet.InetAddresses] Adding IP addresses for network interface Check Point Virtual Network Adapter For Endpoint VPN Client
2022-03-02T11:29:49.969+0300 [DEBUG] [org.gradle.internal.remote.internal.inet.InetAddresses] Is this a loopback interface? false
2022-03-02T11:29:49.969+0300 [DEBUG] [org.gradle.internal.remote.internal.inet.InetAddresses] Adding remote address /fe80:0:0:0:35aa:e6a3:db7e:4c6d%eth6
2022-03-02T11:29:49.969+0300 [DEBUG] [org.gradle.internal.remote.internal.inet.InetAddresses] Adding IP addresses for network interface Microsoft Teredo Tunneling Adapter
2022-03-02T11:29:49.971+0300 [DEBUG] [org.gradle.internal.remote.internal.inet.InetAddresses] Is this a loopback interface? false
2022-03-02T11:29:49.971+0300 [DEBUG] [org.gradle.internal.remote.internal.inet.InetAddresses] Adding IP addresses for network interface WAN Miniport (SSTP)
2022-03-02T11:29:49.973+0300 [DEBUG] [org.gradle.internal.remote.internal.inet.InetAddresses] Is this a loopback interface? false
2022-03-02T11:29:49.973+0300 [DEBUG] [org.gradle.internal.remote.internal.inet.InetAddresses] Adding IP addresses for network interface WAN Miniport (PPPOE)
2022-03-02T11:29:49.975+0300 [DEBUG] [org.gradle.internal.remote.internal.inet.InetAddresses] Is this a loopback interface? false
2022-03-02T11:29:49.975+0300 [DEBUG] [org.gradle.internal.remote.internal.inet.InetAddresses] Adding IP addresses for network interface WAN Miniport (IP)
2022-03-02T11:29:49.977+0300 [DEBUG] [org.gradle.internal.remote.internal.inet.InetAddresses] Is this a loopback interface? false
2022-03-02T11:29:49.978+0300 [DEBUG] [org.gradle.internal.remote.internal.inet.InetAddresses] Adding IP addresses for network interface WAN Miniport (IKEv2)
2022-03-02T11:29:49.980+0300 [DEBUG] [org.gradle.internal.remote.internal.inet.InetAddresses] Is this a loopback interface? false
2022-03-02T11:29:49.980+0300 [DEBUG] [org.gradle.internal.remote.internal.inet.InetAddresses] Adding IP addresses for network interface Microsoft Wi-Fi Direct Virtual Adapter
2022-03-02T11:29:49.982+0300 [DEBUG] [org.gradle.internal.remote.internal.inet.InetAddresses] Is this a loopback interface? false
2022-03-02T11:29:49.982+0300 [DEBUG] [org.gradle.internal.remote.internal.inet.InetAddresses] Adding remote address /fe80:0:0:0:f5a7:8875:3ab8:d9cb%wlan2
2022-03-02T11:29:49.982+0300 [DEBUG] [org.gradle.internal.remote.internal.inet.InetAddresses] Adding IP addresses for network interface Qualcomm Wireless HS-USB Ethernet Adapter 9091
2022-03-02T11:29:49.984+0300 [DEBUG] [org.gradle.internal.remote.internal.inet.InetAddresses] Is this a loopback interface? false
2022-03-02T11:29:49.984+0300 [DEBUG] [org.gradle.internal.remote.internal.inet.InetAddresses] Adding IP addresses for network interface Check Point Virtual Network Adapter For Endpoint VPN Client-WFP Native MAC Layer LightWeight Filter-0000
2022-03-02T11:29:49.987+0300 [DEBUG] [org.gradle.internal.remote.internal.inet.InetAddresses] Is this a loopback interface? false
2022-03-02T11:29:49.987+0300 [DEBUG] [org.gradle.internal.remote.internal.inet.InetAddresses] Adding IP addresses for network interface Check Point Virtual Network Adapter For Endpoint VPN Client-Zone Alarm Firewall Driver-0000
2022-03-02T11:29:49.989+0300 [DEBUG] [org.gradle.internal.remote.internal.inet.InetAddresses] Is this a loopback interface? false
2022-03-02T11:29:49.989+0300 [DEBUG] [org.gradle.internal.remote.internal.inet.InetAddresses] Adding IP addresses for network interface Check Point Virtual Network Adapter For Endpoint VPN Client-QoS Packet Scheduler-0000
2022-03-02T11:29:49.991+0300 [DEBUG] [org.gradle.internal.remote.internal.inet.InetAddresses] Is this a loopback interface? false
2022-03-02T11:29:49.991+0300 [DEBUG] [org.gradle.internal.remote.internal.inet.InetAddresses] Adding IP addresses for network interface Check Point Virtual Network Adapter For Endpoint VPN Client-WFP 802.3 MAC Layer LightWeight Filter-0000
2022-03-02T11:29:49.993+0300 [DEBUG] [org.gradle.internal.remote.internal.inet.InetAddresses] Is this a loopback interface? false
2022-03-02T11:29:49.993+0300 [DEBUG] [org.gradle.internal.remote.internal.inet.InetAddresses] Adding IP addresses for network interface Realtek Gaming GbE Family Controller-WFP Native MAC Layer LightWeight Filter-0000
2022-03-02T11:29:49.995+0300 [DEBUG] [org.gradle.internal.remote.internal.inet.InetAddresses] Is this a loopback interface? false
2022-03-02T11:29:49.995+0300 [DEBUG] [org.gradle.internal.remote.internal.inet.InetAddresses] Adding IP addresses for network interface Realtek Gaming GbE Family Controller-Zone Alarm Firewall Driver-0000
2022-03-02T11:29:49.997+0300 [DEBUG] [org.gradle.internal.remote.internal.inet.InetAddresses] Is this a loopback interface? false
2022-03-02T11:29:49.997+0300 [DEBUG] [org.gradle.internal.remote.internal.inet.InetAddresses] Adding IP addresses for network interface Realtek Gaming GbE Family Controller-QoS Packet Scheduler-0000
2022-03-02T11:29:49.999+0300 [DEBUG] [org.gradle.internal.remote.internal.inet.InetAddresses] Is this a loopback interface? false
2022-03-02T11:29:49.999+0300 [DEBUG] [org.gradle.internal.remote.internal.inet.InetAddresses] Adding IP addresses for network interface Realtek Gaming GbE Family Controller-WFP 802.3 MAC Layer LightWeight Filter-0000
2022-03-02T11:29:50.002+0300 [DEBUG] [org.gradle.internal.remote.internal.inet.InetAddresses] Is this a loopback interface? false
2022-03-02T11:29:50.002+0300 [DEBUG] [org.gradle.internal.remote.internal.inet.InetAddresses] Adding IP addresses for network interface TP-Link Wireless USB Adapter-WFP Native MAC Layer LightWeight Filter-0000
2022-03-02T11:29:50.004+0300 [DEBUG] [org.gradle.internal.remote.internal.inet.InetAddresses] Is this a loopback interface? false
2022-03-02T11:29:50.004+0300 [DEBUG] [org.gradle.internal.remote.internal.inet.InetAddresses] Adding IP addresses for network interface TP-Link Wireless USB Adapter-Virtual WiFi Filter Driver-0000
2022-03-02T11:29:50.006+0300 [DEBUG] [org.gradle.internal.remote.internal.inet.InetAddresses] Is this a loopback interface? false
2022-03-02T11:29:50.006+0300 [DEBUG] [org.gradle.internal.remote.internal.inet.InetAddresses] Adding IP addresses for network interface TP-Link Wireless USB Adapter-Native WiFi Filter Driver-0000
2022-03-02T11:29:50.008+0300 [DEBUG] [org.gradle.internal.remote.internal.inet.InetAddresses] Is this a loopback interface? false
2022-03-02T11:29:50.008+0300 [DEBUG] [org.gradle.internal.remote.internal.inet.InetAddresses] Adding IP addresses for network interface TP-Link Wireless USB Adapter-Zone Alarm Firewall Driver-0000
2022-03-02T11:29:50.010+0300 [DEBUG] [org.gradle.internal.remote.internal.inet.InetAddresses] Is this a loopback interface? false
2022-03-02T11:29:50.010+0300 [DEBUG] [org.gradle.internal.remote.internal.inet.InetAddresses] Adding IP addresses for network interface TP-Link Wireless USB Adapter-QoS Packet Scheduler-0000
2022-03-02T11:29:50.012+0300 [DEBUG] [org.gradle.internal.remote.internal.inet.InetAddresses] Is this a loopback interface? false
2022-03-02T11:29:50.012+0300 [DEBUG] [org.gradle.internal.remote.internal.inet.InetAddresses] Adding IP addresses for network interface TP-Link Wireless USB Adapter-WFP 802.3 MAC Layer LightWeight Filter-0000
2022-03-02T11:29:50.014+0300 [DEBUG] [org.gradle.internal.remote.internal.inet.InetAddresses] Is this a loopback interface? false
2022-03-02T11:29:50.014+0300 [DEBUG] [org.gradle.internal.remote.internal.inet.InetAddresses] Adding IP addresses for network interface WAN Miniport (IP)-WFP Native MAC Layer LightWeight Filter-0000
2022-03-02T11:29:50.016+0300 [DEBUG] [org.gradle.internal.remote.internal.inet.InetAddresses] Is this a loopback interface? false
2022-03-02T11:29:50.016+0300 [DEBUG] [org.gradle.internal.remote.internal.inet.InetAddresses] Adding IP addresses for network interface WAN Miniport (IP)-Zone Alarm Firewall Driver-0000
2022-03-02T11:29:50.018+0300 [DEBUG] [org.gradle.internal.remote.internal.inet.InetAddresses] Is this a loopback interface? false
2022-03-02T11:29:50.019+0300 [DEBUG] [org.gradle.internal.remote.internal.inet.InetAddresses] Adding IP addresses for network interface WAN Miniport (IP)-QoS Packet Scheduler-0000
2022-03-02T11:29:50.021+0300 [DEBUG] [org.gradle.internal.remote.internal.inet.InetAddresses] Is this a loopback interface? false
2022-03-02T11:29:50.021+0300 [DEBUG] [org.gradle.internal.remote.internal.inet.InetAddresses] Adding IP addresses for network interface WAN Miniport (IPv6)-WFP Native MAC Layer LightWeight Filter-0000
2022-03-02T11:29:50.023+0300 [DEBUG] [org.gradle.internal.remote.internal.inet.InetAddresses] Is this a loopback interface? false
2022-03-02T11:29:50.023+0300 [DEBUG] [org.gradle.internal.remote.internal.inet.InetAddresses] Adding IP addresses for network interface WAN Miniport (IPv6)-Zone Alarm Firewall Driver-0000
2022-03-02T11:29:50.024+0300 [DEBUG] [org.gradle.internal.remote.internal.inet.InetAddresses] Is this a loopback interface? false
2022-03-02T11:29:50.025+0300 [DEBUG] [org.gradle.internal.remote.internal.inet.InetAddresses] Adding IP addresses for network interface WAN Miniport (IPv6)-QoS Packet Scheduler-0000
2022-03-02T11:29:50.026+0300 [DEBUG] [org.gradle.internal.remote.internal.inet.InetAddresses] Is this a loopback interface? false
2022-03-02T11:29:50.027+0300 [DEBUG] [org.gradle.internal.remote.internal.inet.InetAddresses] Adding IP addresses for network interface WAN Miniport (Network Monitor)-WFP Native MAC Layer LightWeight Filter-0000
2022-03-02T11:29:50.028+0300 [DEBUG] [org.gradle.internal.remote.internal.inet.InetAddresses] Is this a loopback interface? false
2022-03-02T11:29:50.029+0300 [DEBUG] [org.gradle.internal.remote.internal.inet.InetAddresses] Adding IP addresses for network interface WAN Miniport (Network Monitor)-Zone Alarm Firewall Driver-0000
2022-03-02T11:29:50.031+0300 [DEBUG] [org.gradle.internal.remote.internal.inet.InetAddresses] Is this a loopback interface? false
2022-03-02T11:29:50.031+0300 [DEBUG] [org.gradle.internal.remote.internal.inet.InetAddresses] Adding IP addresses for network interface WAN Miniport (Network Monitor)-QoS Packet Scheduler-0000
2022-03-02T11:29:50.033+0300 [DEBUG] [org.gradle.internal.remote.internal.inet.InetAddresses] Is this a loopback interface? false
2022-03-02T11:29:50.033+0300 [DEBUG] [org.gradle.internal.remote.internal.inet.InetAddresses] Adding IP addresses for network interface Microsoft Wi-Fi Direct Virtual Adapter-WFP Native MAC Layer LightWeight Filter-0000
2022-03-02T11:29:50.035+0300 [DEBUG] [org.gradle.internal.remote.internal.inet.InetAddresses] Is this a loopback interface? false
2022-03-02T11:29:50.035+0300 [DEBUG] [org.gradle.internal.remote.internal.inet.InetAddresses] Adding IP addresses for network interface Microsoft Wi-Fi Direct Virtual Adapter-Native WiFi Filter Driver-0000
2022-03-02T11:29:50.037+0300 [DEBUG] [org.gradle.internal.remote.internal.inet.InetAddresses] Is this a loopback interface? false
2022-03-02T11:29:50.037+0300 [DEBUG] [org.gradle.internal.remote.internal.inet.InetAddresses] Adding IP addresses for network interface Microsoft Wi-Fi Direct Virtual Adapter-Zone Alarm Firewall Driver-0000
2022-03-02T11:29:50.039+0300 [DEBUG] [org.gradle.internal.remote.internal.inet.InetAddresses] Is this a loopback interface? false
2022-03-02T11:29:50.039+0300 [DEBUG] [org.gradle.internal.remote.internal.inet.InetAddresses] Adding IP addresses for network interface Microsoft Wi-Fi Direct Virtual Adapter-QoS Packet Scheduler-0000
2022-03-02T11:29:50.041+0300 [DEBUG] [org.gradle.internal.remote.internal.inet.InetAddresses] Is this a loopback interface? false
2022-03-02T11:29:50.041+0300 [DEBUG] [org.gradle.internal.remote.internal.inet.InetAddresses] Adding IP addresses for network interface Microsoft Wi-Fi Direct Virtual Adapter-WFP 802.3 MAC Layer LightWeight Filter-0000
2022-03-02T11:29:50.043+0300 [DEBUG] [org.gradle.internal.remote.internal.inet.InetAddresses] Is this a loopback interface? false
2022-03-02T11:29:50.043+0300 [DEBUG] [org.gradle.internal.remote.internal.inet.InetAddresses] Adding IP addresses for network interface Microsoft Wi-Fi Direct Virtual Adapter #2-WFP Native MAC Layer LightWeight Filter-0000
2022-03-02T11:29:50.045+0300 [DEBUG] [org.gradle.internal.remote.internal.inet.InetAddresses] Is this a loopback interface? false
2022-03-02T11:29:50.045+0300 [DEBUG] [org.gradle.internal.remote.internal.inet.InetAddresses] Adding IP addresses for network interface Microsoft Wi-Fi Direct Virtual Adapter #2-Native WiFi Filter Driver-0000
2022-03-02T11:29:50.047+0300 [DEBUG] [org.gradle.internal.remote.internal.inet.InetAddresses] Is this a loopback interface? false
2022-03-02T11:29:50.047+0300 [DEBUG] [org.gradle.internal.remote.internal.inet.InetAddresses] Adding IP addresses for network interface Microsoft Wi-Fi Direct Virtual Adapter #2-Zone Alarm Firewall Driver-0000
2022-03-02T11:29:50.049+0300 [DEBUG] [org.gradle.internal.remote.internal.inet.InetAddresses] Is this a loopback interface? false
2022-03-02T11:29:50.049+0300 [DEBUG] [org.gradle.internal.remote.internal.inet.InetAddresses] Adding IP addresses for network interface Microsoft Wi-Fi Direct Virtual Adapter #2-QoS Packet Scheduler-0000
2022-03-02T11:29:50.051+0300 [DEBUG] [org.gradle.internal.remote.internal.inet.InetAddresses] Is this a loopback interface? false
2022-03-02T11:29:50.051+0300 [DEBUG] [org.gradle.internal.remote.internal.inet.InetAddresses] Adding IP addresses for network interface Microsoft Wi-Fi Direct Virtual Adapter #2-WFP 802.3 MAC Layer LightWeight Filter-0000
2022-03-02T11:29:50.053+0300 [DEBUG] [org.gradle.internal.remote.internal.inet.InetAddresses] Is this a loopback interface? false
2022-03-02T11:29:50.057+0300 [DEBUG] [org.gradle.internal.remote.internal.inet.TcpIncomingConnector] Listening on [c207b3fc-287f-430d-8bfb-6979995ded01 port:60561, addresses:[localhost/127.0.0.1]].
2022-03-02T11:29:50.062+0300 [DEBUG] [org.gradle.launcher.daemon.server.Daemon] Daemon starting at: Wed Mar 02 11:29:50 MSK 2022, with address: [c207b3fc-287f-430d-8bfb-6979995ded01 port:60561, addresses:[localhost/127.0.0.1]]
2022-03-02T11:29:50.062+0300 [INFO] [org.gradle.launcher.daemon.server.DaemonRegistryUpdater] Advertising the daemon address to the clients: [c207b3fc-287f-430d-8bfb-6979995ded01 port:60561, addresses:[localhost/127.0.0.1]]
2022-03-02T11:29:50.063+0300 [DEBUG] [org.gradle.launcher.daemon.server.DaemonRegistryUpdater] Advertised daemon context: DefaultDaemonContext[uid=f40063bd-a911-4a73-ad9d-79c45c65df33,javaHome=C:\Program Files\Java\jdk1.8.0_231,daemonRegistryDir=C:\Users\Ann\Documents\GitHub\java_automation_course\sandbox\daemon,pid=17192,idleTimeout=10800000,priority=NORMAL,daemonOpts=-XX:MaxMetaspaceSize=256m,-XX:+HeapDumpOnOutOfMemoryError,-Xms256m,-Xmx512m,-Dfile.encoding=windows-1251,-Duser.country=RU,-Duser.language=ru,-Duser.variant]
2022-03-02T11:29:50.064+0300 [DEBUG] [org.gradle.launcher.daemon.registry.PersistentDaemonRegistry] Storing daemon address: [c207b3fc-287f-430d-8bfb-6979995ded01 port:60561, addresses:[localhost/127.0.0.1]], context: DefaultDaemonContext[uid=f40063bd-a911-4a73-ad9d-79c45c65df33,javaHome=C:\Program Files\Java\jdk1.8.0_231,daemonRegistryDir=C:\Users\Ann\Documents\GitHub\java_automation_course\sandbox\daemon,pid=17192,idleTimeout=10800000,priority=NORMAL,daemonOpts=-XX:MaxMetaspaceSize=256m,-XX:+HeapDumpOnOutOfMemoryError,-Xms256m,-Xmx512m,-Dfile.encoding=windows-1251,-Duser.country=RU,-Duser.language=ru,-Duser.variant]
2022-03-02T11:29:50.076+0300 [DEBUG] [org.gradle.cache.internal.DefaultFileLockManager] Waiting to acquire exclusive lock on daemon addresses registry.
2022-03-02T11:29:50.080+0300 [DEBUG] [org.gradle.cache.internal.DefaultFileLockManager] Lock acquired on daemon addresses registry.
2022-03-02T11:29:50.083+0300 [DEBUG] [org.gradle.cache.internal.DefaultFileLockManager] Releasing lock on daemon addresses registry.
2022-03-02T11:29:50.084+0300 [LIFECYCLE] [org.gradle.launcher.daemon.server.Daemon] Daemon server started.
2022-03-02T11:29:50.085+0300 [DEBUG] [org.gradle.launcher.daemon.bootstrap.DaemonStartupCommunication] Completed writing the daemon greeting. Closing streams...
2022-03-02T11:29:50.091+0300 [DEBUG] [org.gradle.internal.remote.internal.inet.TcpIncomingConnector] Accepted connection from /127.0.0.1:60562 to /127.0.0.1:60561.
2022-03-02T11:29:50.091+0300 [DEBUG] [org.gradle.launcher.daemon.server.Daemon] stopOnExpiration() called on daemon
2022-03-02T11:29:50.092+0300 [DEBUG] [org.gradle.launcher.daemon.server.Daemon] awaitExpiration() called on daemon
2022-03-02T11:29:50.092+0300 [DEBUG] [org.gradle.launcher.daemon.server.DaemonStateCoordinator] daemon is running. Sleeping until state changes.
2022-03-02T11:29:50.137+0300 [DEBUG] [org.gradle.launcher.daemon.server.SynchronizedDispatchConnection] thread 17: received class org.gradle.launcher.daemon.protocol.Build
2022-03-02T11:29:50.138+0300 [DEBUG] [org.gradle.launcher.daemon.server.DefaultDaemonConnection] thread 17: Received non-IO message from client: Build{id=57679e0e-67e7-413c-83db-13d31c0ab7d6, currentDir=C:\Users\Ann\Documents\GitHub\java_automation_course\addressbook-web-tests}
2022-03-02T11:29:50.138+0300 [INFO] [org.gradle.launcher.daemon.server.DefaultIncomingConnectionHandler] Received command: Build{id=57679e0e-67e7-413c-83db-13d31c0ab7d6, currentDir=C:\Users\Ann\Documents\GitHub\java_automation_course\addressbook-web-tests}.
2022-03-02T11:29:50.138+0300 [DEBUG] [org.gradle.launcher.daemon.server.DefaultIncomingConnectionHandler] Starting executing command: Build{id=57679e0e-67e7-413c-83db-13d31c0ab7d6, currentDir=C:\Users\Ann\Documents\GitHub\java_automation_course\addressbook-web-tests} with connection: socket connection from /127.0.0.1:60561 to /127.0.0.1:60562.
2022-03-02T11:29:50.140+0300 [DEBUG] [org.gradle.launcher.daemon.server.DaemonStateCoordinator] Command execution: started DaemonCommandExecution[command = Build{id=57679e0e-67e7-413c-83db-13d31c0ab7d6, currentDir=C:\Users\Ann\Documents\GitHub\java_automation_course\addressbook-web-tests}, connection = DefaultDaemonConnection: socket connection from /127.0.0.1:60561 to /127.0.0.1:60562] after 0.0 minutes of idle
2022-03-02T11:29:50.140+0300 [INFO] [org.gradle.launcher.daemon.server.DaemonRegistryUpdater] Marking the daemon as busy, address: [c207b3fc-287f-430d-8bfb-6979995ded01 port:60561, addresses:[localhost/127.0.0.1]]
2022-03-02T11:29:50.140+0300 [DEBUG] [org.gradle.launcher.daemon.registry.PersistentDaemonRegistry] Marking busy by address: [c207b3fc-287f-430d-8bfb-6979995ded01 port:60561, addresses:[localhost/127.0.0.1]]
2022-03-02T11:29:50.141+0300 [DEBUG] [org.gradle.cache.internal.DefaultFileLockManager] Waiting to acquire exclusive lock on daemon addresses registry.
2022-03-02T11:29:50.141+0300 [DEBUG] [org.gradle.cache.internal.DefaultFileLockManager] Lock acquired on daemon addresses registry.
2022-03-02T11:29:50.143+0300 [DEBUG] [org.gradle.cache.internal.DefaultFileLockManager] Releasing lock on daemon addresses registry.
2022-03-02T11:29:50.143+0300 [DEBUG] [org.gradle.launcher.daemon.server.DaemonStateCoordinator] resetting idle timer
2022-03-02T11:29:50.143+0300 [DEBUG] [org.gradle.launcher.daemon.server.DaemonStateCoordinator] daemon is running. Sleeping until state changes.
2022-03-02T11:29:50.143+0300 [INFO] [org.gradle.launcher.daemon.server.exec.StartBuildOrRespondWithBusy] Daemon is about to start building Build{id=57679e0e-67e7-413c-83db-13d31c0ab7d6, currentDir=C:\Users\Ann\Documents\GitHub\java_automation_course\addressbook-web-tests}. Dispatching build started information...
2022-03-02T11:29:50.143+0300 [DEBUG] [org.gradle.launcher.daemon.server.SynchronizedDispatchConnection] thread 19: dispatching org.gradle.launcher.daemon.protocol.BuildStarted@2a37f58
2022-03-02T11:29:50.146+0300 [DEBUG] [org.gradle.launcher.daemon.server.exec.EstablishBuildEnvironment] Configuring env variables: [USERDOMAIN_ROAMINGPROFILE, LOCALAPPDATA, PROCESSOR_LEVEL, USERDOMAIN, LOGONSERVER, FPS_BROWSER_APP_PROFILE_STRING, JAVA_HOME, SESSIONNAME, ALLUSERSPROFILE, ADSK_3DSMAX_x64_2021, PROCESSOR_ARCHITECTURE, PSModulePath, SystemDrive, OneDrive, APPDATA, USERNAME, ProgramFiles(x86), CommonProgramFiles, Path, FPS_BROWSER_USER_PROFILE_STRING, PATHEXT, DriverData, OS, COMPUTERNAME, IntelliJ IDEA Community Edition, PROCESSOR_REVISION, CommonProgramW6432, ComSpec, ProgramData, ProgramW6432, TEMP, HOMEPATH, SystemRoot, PROCESSOR_IDENTIFIER, HOMEDRIVE, USERPROFILE, TMP, CommonProgramFiles(x86), ProgramFiles, PUBLIC, windir, NUMBER_OF_PROCESSORS, =::, IDEA_INITIAL_DIRECTORY]
2022-03-02T11:29:50.149+0300 [DEBUG] [org.gradle.launcher.daemon.server.exec.LogToClient] About to start relaying all logs to the client via the connection.
2022-03-02T11:29:50.150+0300 [INFO] [org.gradle.launcher.daemon.server.exec.LogToClient] The client will now receive all logging from the daemon (pid: 17192). The daemon log file: C:\Users\Ann\Documents\GitHub\java_automation_course\sandbox\daemon\7.3.3\daemon-17192.out.log
2022-03-02T11:29:50.154+0300 [INFO] [org.gradle.launcher.daemon.server.exec.LogAndCheckHealth] Starting build in new daemon [memory: 455.5 MiB]
2022-03-02T11:29:50.159+0300 [DEBUG] [org.gradle.launcher.daemon.server.exec.ExecuteBuild] The daemon has started executing the build.
2022-03-02T11:29:50.159+0300 [DEBUG] [org.gradle.launcher.daemon.server.exec.ExecuteBuild] Executing build with daemon context: DefaultDaemonContext[uid=f40063bd-a911-4a73-ad9d-79c45c65df33,javaHome=C:\Program Files\Java\jdk1.8.0_231,daemonRegistryDir=C:\Users\Ann\Documents\GitHub\java_automation_course\sandbox\daemon,pid=17192,idleTimeout=10800000,priority=NORMAL,daemonOpts=-XX:MaxMetaspaceSize=256m,-XX:+HeapDumpOnOutOfMemoryError,-Xms256m,-Xmx512m,-Dfile.encoding=windows-1251,-Duser.country=RU,-Duser.language=ru,-Duser.variant]
<ijLog><event type='reportLocation' testReport='C:\Users\Ann\Documents\GitHub\java_automation_course\addressbook-web-tests\build\reports\tests\test\index.html' /></ijLog>
Note: C:\Users\Ann\Documents\GitHub\java_automation_course\addressbook-web-tests\src\test\java\ru\stqa\java_automation_course\addressbook\TestBase.java uses or overrides a deprecated API.
Note: Recompile with -Xlint:deprecation for details.
<ijLog><event type='beforeSuite'><ijLogEol/>  <test id=':test' parentId=''><ijLogEol/>    <descriptor name='Gradle Test Run :test' className='' /><ijLogEol/>  </test><ijLogEol/></event></ijLog>
<ijLog><event type='beforeSuite'><ijLogEol/>  <test id='1.1' parentId=':test'><ijLogEol/>    <descriptor name='Gradle Test Executor 1' className='' /><ijLogEol/>  </test><ijLogEol/></event></ijLog>
<ijLog><event type='onOutput'><ijLogEol/>  <test id='1.1' parentId=':test'><ijLogEol/>    <descriptor name='Gradle Test Executor 1' className='' /><ijLogEol/>    <event destination='StdErr'><![CDATA[U0xGNEo6IEZhaWxlZCB0byBsb2FkIGNsYXNzICJvcmcuc2xmNGouaW1wbC5TdGF0aWNMb2dnZXJCaW5kZXIiLg0K]]></event><ijLogEol/>  </test><ijLogEol/></event></ijLog>
<ijLog><event type='onOutput'><ijLogEol/>  <test id='1.1' parentId=':test'><ijLogEol/>    <descriptor name='Gradle Test Executor 1' className='' /><ijLogEol/>    <event destination='StdErr'><![CDATA[U0xGNEo6IERlZmF1bHRpbmcgdG8gbm8tb3BlcmF0aW9uIChOT1ApIGxvZ2dlciBpbXBsZW1lbnRhdGlvbg0K]]></event><ijLogEol/>  </test><ijLogEol/></event></ijLog>
<ijLog><event type='onOutput'><ijLogEol/>  <test id='1.1' parentId=':test'><ijLogEol/>    <descriptor name='Gradle Test Executor 1' className='' /><ijLogEol/>    <event destination='StdErr'><![CDATA[U0xGNEo6IFNlZSBodHRwOi8vd3d3LnNsZjRqLm9yZy9jb2Rlcy5odG1sI1N0YXRpY0xvZ2dlckJpbmRlciBmb3IgZnVydGhlciBkZXRhaWxzLg0K]]></event><ijLogEol/>  </test><ijLogEol/></event></ijLog>
<ijLog><event type='beforeSuite'><ijLogEol/>  <test id='1.2' parentId='1.1'><ijLogEol/>    <descriptor name='Gradle suite' className='' /><ijLogEol/>  </test><ijLogEol/></event></ijLog>
<ijLog><event type='beforeSuite'><ijLogEol/>  <test id='1.3' parentId='1.2'><ijLogEol/>    <descriptor name='Gradle test' className='' /><ijLogEol/>  </test><ijLogEol/></event></ijLog>
<ijLog><event type='beforeSuite'><ijLogEol/>  <test id='1.4' parentId='1.3'><ijLogEol/>    <descriptor name='ru.stqa.java_automation_course.addressbook.GroupCreationTests' className='ru.stqa.java_automation_course.addressbook.GroupCreationTests' /><ijLogEol/>  </test><ijLogEol/></event></ijLog>
<ijLog><event type='onOutput'><ijLogEol/>  <test id='1.4' parentId='1.3'><ijLogEol/>    <descriptor name='ru.stqa.java_automation_course.addressbook.GroupCreationTests' className='ru.stqa.java_automation_course.addressbook.GroupCreationTests' /><ijLogEol/>    <event destination='StdErr'><![CDATA[MTY0NjIwOTc5NzIwMglnZWNrb2RyaXZlcglJTkZPCUxpc3RlbmluZyBvbiAxMjcuMC4wLjE6NjExMTEK]]></event><ijLogEol/>  </test><ijLogEol/></event></ijLog>
<ijLog><event type='onOutput'><ijLogEol/>  <test id='1.4' parentId='1.3'><ijLogEol/>    <descriptor name='ru.stqa.java_automation_course.addressbook.GroupCreationTests' className='ru.stqa.java_automation_course.addressbook.GroupCreationTests' /><ijLogEol/>    <event destination='StdErr'><![CDATA[MTY0NjIwOTc5ODM1Mwltb3pydW5uZXI6OnJ1bm5lcglJTkZPCVJ1bm5pbmcgY29tbWFuZDogIkM6XFxQcm9ncmFtIEZpbGVzXFxNb3ppbGxhIEZpcmVmb3hcXGZpcmVmb3guZXhlIiAiLS1tYXJpb25ldHRlIiAiLS1yZW1vdGUtZGVidWdnaW5nLXBvcnQiICI1Mzk0MyIgIi1uby1yZW1vdGUiICItcHJvZmlsZSIgIkM6XFxVc2Vyc1xcQW5uXFxBcHBEYXRhXFxMb2NhbFxcVGVtcFxccnVzdF9tb3pwcm9maWxlbUswVkhOIgo=]]></event><ijLogEol/>  </test><ijLogEol/></event></ijLog>
<ijLog><event type='onOutput'><ijLogEol/>  <test id='1.4' parentId='1.3'><ijLogEol/>    <descriptor name='ru.stqa.java_automation_course.addressbook.GroupCreationTests' className='ru.stqa.java_automation_course.addressbook.GroupCreationTests' /><ijLogEol/>    <event destination='StdErr'><![CDATA[MTY0NjIwOTc5ODgwMwlNYXJpb25ldHRlCUlORk8JTWFyaW9uZXR0ZSBlbmFibGVkDQo=]]></event><ijLogEol/>  </test><ijLogEol/></event></ijLog>
<ijLog><event type='onOutput'><ijLogEol/>  <test id='1.4' parentId='1.3'><ijLogEol/>    <descriptor name='ru.stqa.java_automation_course.addressbook.GroupCreationTests' className='ru.stqa.java_automation_course.addressbook.GroupCreationTests' /><ijLogEol/>    <event destination='StdErr'><![CDATA[Y29uc29sZS53YXJuOiBTZWFyY2hTZXR0aW5nczogImdldDogTm8gc2V0dGluZ3MgZmlsZSBleGlzdHMsIG5ldyBwcm9maWxlPyIgKG5ldyBOb3RGb3VuZEVycm9yKCJDb3VsZCBub3Qgb3BlbiB0aGUgZmlsZSBhdCBDOlxcVXNlcnNcXEFublxcQXBwRGF0YVxcTG9jYWxcXFRlbXBcXHJ1c3RfbW96cHJvZmlsZW1LMFZITlxcc2VhcmNoLmpzb24ubW96bHo0IiwgKHZvaWQgMCkpKQ0K]]></event><ijLogEol/>  </test><ijLogEol/></event></ijLog>
<ijLog><event type='onOutput'><ijLogEol/>  <test id='1.4' parentId='1.3'><ijLogEol/>    <descriptor name='ru.stqa.java_automation_course.addressbook.GroupCreationTests' className='ru.stqa.java_automation_course.addressbook.GroupCreationTests' /><ijLogEol/>    <event destination='StdErr'><![CDATA[RGV2VG9vbHMgbGlzdGVuaW5nIG9uIHdzOi8vbG9jYWxob3N0OjUzOTQzL2RldnRvb2xzL2Jyb3dzZXIvZjA3Njg1NmMtM2VlMS00MGQ2LTkxMWUtODAzY2YxMjY1OGYyDQo=]]></event><ijLogEol/>  </test><ijLogEol/></event></ijLog>
<ijLog><event type='onOutput'><ijLogEol/>  <test id='1.4' parentId='1.3'><ijLogEol/>    <descriptor name='ru.stqa.java_automation_course.addressbook.GroupCreationTests' className='ru.stqa.java_automation_course.addressbook.GroupCreationTests' /><ijLogEol/>    <event destination='StdErr'><![CDATA[MTY0NjIwOTgwMTc0NAlNYXJpb25ldHRlCUlORk8JTGlzdGVuaW5nIG9uIHBvcnQgNjA2MDMNCg==]]></event><ijLogEol/>  </test><ijLogEol/></event></ijLog>
<ijLog><event type='onOutput'><ijLogEol/>  <test id='1.4' parentId='1.3'><ijLogEol/>    <descriptor name='ru.stqa.java_automation_course.addressbook.GroupCreationTests' className='ru.stqa.java_automation_course.addressbook.GroupCreationTests' /><ijLogEol/>    <event destination='StdErr'><![CDATA[MTY0NjIwOTgwMjA0MAlSZW1vdGVBZ2VudAlXQVJOCVRMUyBjZXJ0aWZpY2F0ZSBlcnJvcnMgd2lsbCBiZSBpZ25vcmVkIGZvciB0aGlzIHNlc3Npb24NCg==]]></event><ijLogEol/>  </test><ijLogEol/></event></ijLog>
<ijLog><event type='onOutput'><ijLogEol/>  <test id='1.4' parentId='1.3'><ijLogEol/>    <descriptor name='ru.stqa.java_automation_course.addressbook.GroupCreationTests' className='ru.stqa.java_automation_course.addressbook.GroupCreationTests' /><ijLogEol/>    <event destination='StdErr'><![CDATA[0LzQsNGAIDAyLCAyMDIyIDExOjMwOjAyIEFNIG9yZy5vcGVucWEuc2VsZW5pdW0ucmVtb3RlLlByb3RvY29sSGFuZHNoYWtlIGNyZWF0ZVNlc3Npb24NCg==]]></event><ijLogEol/>  </test><ijLogEol/></event></ijLog>
<ijLog><event type='onOutput'><ijLogEol/>  <test id='1.4' parentId='1.3'><ijLogEol/>    <descriptor name='ru.stqa.java_automation_course.addressbook.GroupCreationTests' className='ru.stqa.java_automation_course.addressbook.GroupCreationTests' /><ijLogEol/>    <event destination='StdErr'><![CDATA[SU5GTzogRGV0ZWN0ZWQgZGlhbGVjdDogVzNDDQo=]]></event><ijLogEol/>  </test><ijLogEol/></event></ijLog>
<ijLog><event type='onOutput'><ijLogEol/>  <test id='1.4' parentId='1.3'><ijLogEol/>    <descriptor name='ru.stqa.java_automation_course.addressbook.GroupCreationTests' className='ru.stqa.java_automation_course.addressbook.GroupCreationTests' /><ijLogEol/>    <event destination='StdErr'><![CDATA[Y29uc29sZS53YXJuOiBMb2dpblJlY2lwZXM6ICJnZXRSZWNpcGVzOiBmYWxsaW5nIGJhY2sgdG8gYSBzeW5jaHJvbm91cyBtZXNzYWdlIGZvcjoiICJodHRwczovL2xvY2FsaG9zdCINCg==]]></event><ijLogEol/>  </test><ijLogEol/></event></ijLog>
<ijLog><event type='onOutput'><ijLogEol/>  <test id='1.4' parentId='1.3'><ijLogEol/>    <descriptor name='ru.stqa.java_automation_course.addressbook.GroupCreationTests' className='ru.stqa.java_automation_course.addressbook.GroupCreationTests' /><ijLogEol/>    <event destination='StdErr'><![CDATA[Y29uc29sZS53YXJuOiBMb2dpblJlY2lwZXM6ICJnZXRSZWNpcGVzOiBmYWxsaW5nIGJhY2sgdG8gYSBzeW5jaHJvbm91cyBtZXNzYWdlIGZvcjoiICJodHRwczovL2xvY2FsaG9zdCINCg==]]></event><ijLogEol/>  </test><ijLogEol/></event></ijLog>
<ijLog><event type='onOutput'><ijLogEol/>  <test id='1.4' parentId='1.3'><ijLogEol/>    <descriptor name='ru.stqa.java_automation_course.addressbook.GroupCreationTests' className='ru.stqa.java_automation_course.addressbook.GroupCreationTests' /><ijLogEol/>    <event destination='StdErr'><![CDATA[SmF2YVNjcmlwdCBlcnJvcjogcmVzb3VyY2U6Ly9ncmUvbW9kdWxlcy9Mb2dpbk1hbmFnZXJQYXJlbnQuanNtLCBsaW5lIDEzNjogVHlwZUVycm9yOiBnUmVjaXBlTWFuYWdlciBpcyBudWxsDQo=]]></event><ijLogEol/>  </test><ijLogEol/></event></ijLog>
<ijLog><event type='beforeTest'><ijLogEol/>  <test id='1.5' parentId='1.4'><ijLogEol/>    <descriptor name='testGroupCreation' className='ru.stqa.java_automation_course.addressbook.GroupCreationTests' /><ijLogEol/>  </test><ijLogEol/></event></ijLog>
<ijLog><event type='onOutput'><ijLogEol/>  <test id='1.5' parentId='1.4'><ijLogEol/>    <descriptor name='testGroupCreation' className='ru.stqa.java_automation_course.addressbook.GroupCreationTests' /><ijLogEol/>    <event destination='StdErr'><![CDATA[Y29uc29sZS53YXJuOiBMb2dpblJlY2lwZXM6ICJnZXRSZWNpcGVzOiBmYWxsaW5nIGJhY2sgdG8gYSBzeW5jaHJvbm91cyBtZXNzYWdlIGZvcjoiICJodHRwczovL2xvY2FsaG9zdCINCg==]]></event><ijLogEol/>  </test><ijLogEol/></event></ijLog>
<ijLog><event type='onOutput'><ijLogEol/>  <test id='1.5' parentId='1.4'><ijLogEol/>    <descriptor name='testGroupCreation' className='ru.stqa.java_automation_course.addressbook.GroupCreationTests' /><ijLogEol/>    <event destination='StdErr'><![CDATA[SmF2YVNjcmlwdCBlcnJvcjogcmVzb3VyY2U6Ly9ncmUvbW9kdWxlcy9Mb2dpbk1hbmFnZXJQYXJlbnQuanNtLCBsaW5lIDEzNjogVHlwZUVycm9yOiBnUmVjaXBlTWFuYWdlciBpcyBudWxsDQo=]]></event><ijLogEol/>  </test><ijLogEol/></event></ijLog>
<ijLog><event type='onOutput'><ijLogEol/>  <test id='1.5' parentId='1.4'><ijLogEol/>    <descriptor name='testGroupCreation' className='ru.stqa.java_automation_course.addressbook.GroupCreationTests' /><ijLogEol/>    <event destination='StdErr'><![CDATA[Y29uc29sZS53YXJuOiBMb2dpblJlY2lwZXM6ICJnZXRSZWNpcGVzOiBmYWxsaW5nIGJhY2sgdG8gYSBzeW5jaHJvbm91cyBtZXNzYWdlIGZvcjoiICJodHRwczovL2xvY2FsaG9zdCINCg==]]></event><ijLogEol/>  </test><ijLogEol/></event></ijLog>
<ijLog><event type='onOutput'><ijLogEol/>  <test id='1.5' parentId='1.4'><ijLogEol/>    <descriptor name='testGroupCreation' className='ru.stqa.java_automation_course.addressbook.GroupCreationTests' /><ijLogEol/>    <event destination='StdErr'><![CDATA[SmF2YVNjcmlwdCBlcnJvcjogcmVzb3VyY2U6Ly9ncmUvbW9kdWxlcy9Mb2dpbk1hbmFnZXJQYXJlbnQuanNtLCBsaW5lIDEzNjogVHlwZUVycm9yOiBnUmVjaXBlTWFuYWdlciBpcyBudWxsDQo=]]></event><ijLogEol/>  </test><ijLogEol/></event></ijLog>
<ijLog><event type='onOutput'><ijLogEol/>  <test id='1.5' parentId='1.4'><ijLogEol/>    <descriptor name='testGroupCreation' className='ru.stqa.java_automation_course.addressbook.GroupCreationTests' /><ijLogEol/>    <event destination='StdErr'><![CDATA[Y29uc29sZS53YXJuOiBMb2dpblJlY2lwZXM6ICJnZXRSZWNpcGVzOiBmYWxsaW5nIGJhY2sgdG8gYSBzeW5jaHJvbm91cyBtZXNzYWdlIGZvcjoiICJodHRwczovL2xvY2FsaG9zdCINCg==]]></event><ijLogEol/>  </test><ijLogEol/></event></ijLog>
<ijLog><event type='onOutput'><ijLogEol/>  <test id='1.5' parentId='1.4'><ijLogEol/>    <descriptor name='testGroupCreation' className='ru.stqa.java_automation_course.addressbook.GroupCreationTests' /><ijLogEol/>    <event destination='StdErr'><![CDATA[SmF2YVNjcmlwdCBlcnJvcjogcmVzb3VyY2U6Ly9ncmUvbW9kdWxlcy9Mb2dpbk1hbmFnZXJQYXJlbnQuanNtLCBsaW5lIDEzNjogVHlwZUVycm9yOiBnUmVjaXBlTWFuYWdlciBpcyBudWxsDQo=]]></event><ijLogEol/>  </test><ijLogEol/></event></ijLog>
<ijLog><event type='onOutput'><ijLogEol/>  <test id='1.5' parentId='1.4'><ijLogEol/>    <descriptor name='testGroupCreation' className='ru.stqa.java_automation_course.addressbook.GroupCreationTests' /><ijLogEol/>    <event destination='StdErr'><![CDATA[Y29uc29sZS53YXJuOiBMb2dpblJlY2lwZXM6ICJnZXRSZWNpcGVzOiBmYWxsaW5nIGJhY2sgdG8gYSBzeW5jaHJvbm91cyBtZXNzYWdlIGZvcjoiICJodHRwczovL2xvY2FsaG9zdCINCg==]]></event><ijLogEol/>  </test><ijLogEol/></event></ijLog>
<ijLog><event type='onOutput'><ijLogEol/>  <test id='1.5' parentId='1.4'><ijLogEol/>    <descriptor name='testGroupCreation' className='ru.stqa.java_automation_course.addressbook.GroupCreationTests' /><ijLogEol/>    <event destination='StdErr'><![CDATA[SmF2YVNjcmlwdCBlcnJvcjogcmVzb3VyY2U6Ly9ncmUvbW9kdWxlcy9Mb2dpbk1hbmFnZXJQYXJlbnQuanNtLCBsaW5lIDEzNjogVHlwZUVycm9yOiBnUmVjaXBlTWFuYWdlciBpcyBudWxsDQo=]]></event><ijLogEol/>  </test><ijLogEol/></event></ijLog>
<ijLog><event type='onOutput'><ijLogEol/>  <test id='1.5' parentId='1.4'><ijLogEol/>    <descriptor name='testGroupCreation' className='ru.stqa.java_automation_course.addressbook.GroupCreationTests' /><ijLogEol/>    <event destination='StdErr'><![CDATA[Y29uc29sZS53YXJuOiBMb2dpblJlY2lwZXM6ICJnZXRSZWNpcGVzOiBmYWxsaW5nIGJhY2sgdG8gYSBzeW5jaHJvbm91cyBtZXNzYWdlIGZvcjoiICJodHRwczovL2xvY2FsaG9zdCINCg==]]></event><ijLogEol/>  </test><ijLogEol/></event></ijLog>
<ijLog><event type='onOutput'><ijLogEol/>  <test id='1.5' parentId='1.4'><ijLogEol/>    <descriptor name='testGroupCreation' className='ru.stqa.java_automation_course.addressbook.GroupCreationTests' /><ijLogEol/>    <event destination='StdErr'><![CDATA[SmF2YVNjcmlwdCBlcnJvcjogcmVzb3VyY2U6Ly9ncmUvbW9kdWxlcy9Mb2dpbk1hbmFnZXJQYXJlbnQuanNtLCBsaW5lIDEzNjogVHlwZUVycm9yOiBnUmVjaXBlTWFuYWdlciBpcyBudWxsDQo=]]></event><ijLogEol/>  </test><ijLogEol/></event></ijLog>
<ijLog><event type='onOutput'><ijLogEol/>  <test id='1.5' parentId='1.4'><ijLogEol/>    <descriptor name='testGroupCreation' className='ru.stqa.java_automation_course.addressbook.GroupCreationTests' /><ijLogEol/>    <event destination='StdErr'><![CDATA[Y29uc29sZS53YXJuOiBMb2dpblJlY2lwZXM6ICJnZXRSZWNpcGVzOiBmYWxsaW5nIGJhY2sgdG8gYSBzeW5jaHJvbm91cyBtZXNzYWdlIGZvcjoiICJodHRwczovL2xvY2FsaG9zdCINCg==]]></event><ijLogEol/>  </test><ijLogEol/></event></ijLog>
<ijLog><event type='onOutput'><ijLogEol/>  <test id='1.5' parentId='1.4'><ijLogEol/>    <descriptor name='testGroupCreation' className='ru.stqa.java_automation_course.addressbook.GroupCreationTests' /><ijLogEol/>    <event destination='StdErr'><![CDATA[SmF2YVNjcmlwdCBlcnJvcjogcmVzb3VyY2U6Ly9ncmUvbW9kdWxlcy9Mb2dpbk1hbmFnZXJQYXJlbnQuanNtLCBsaW5lIDEzNjogVHlwZUVycm9yOiBnUmVjaXBlTWFuYWdlciBpcyBudWxsDQo=]]></event><ijLogEol/>  </test><ijLogEol/></event></ijLog>
<ijLog><event type='onOutput'><ijLogEol/>  <test id='1.5' parentId='1.4'><ijLogEol/>    <descriptor name='testGroupCreation' className='ru.stqa.java_automation_course.addressbook.GroupCreationTests' /><ijLogEol/>    <event destination='StdErr'><![CDATA[Y29uc29sZS53YXJuOiBMb2dpblJlY2lwZXM6ICJnZXRSZWNpcGVzOiBmYWxsaW5nIGJhY2sgdG8gYSBzeW5jaHJvbm91cyBtZXNzYWdlIGZvcjoiICJodHRwczovL2xvY2FsaG9zdCINCg==]]></event><ijLogEol/>  </test><ijLogEol/></event></ijLog>
<ijLog><event type='onOutput'><ijLogEol/>  <test id='1.5' parentId='1.4'><ijLogEol/>    <descriptor name='testGroupCreation' className='ru.stqa.java_automation_course.addressbook.GroupCreationTests' /><ijLogEol/>    <event destination='StdErr'><![CDATA[SmF2YVNjcmlwdCBlcnJvcjogcmVzb3VyY2U6Ly9ncmUvbW9kdWxlcy9Mb2dpbk1hbmFnZXJQYXJlbnQuanNtLCBsaW5lIDEzNjogVHlwZUVycm9yOiBnUmVjaXBlTWFuYWdlciBpcyBudWxsDQo=]]></event><ijLogEol/>  </test><ijLogEol/></event></ijLog>
<ijLog><event type='afterTest'><ijLogEol/>  <test id='1.5' parentId='1.4'><ijLogEol/>    <descriptor name='testGroupCreation' className='ru.stqa.java_automation_course.addressbook.GroupCreationTests' /><ijLogEol/>    <result resultType='SUCCESS' startTime='1646209802796' endTime='1646209805210'><ijLogEol/>      <failureType>error</failureType><ijLogEol/>    </result><ijLogEol/>  </test><ijLogEol/></event></ijLog>
<ijLog><event type='onOutput'><ijLogEol/>  <test id='1.4' parentId='1.3'><ijLogEol/>    <descriptor name='ru.stqa.java_automation_course.addressbook.GroupCreationTests' className='ru.stqa.java_automation_course.addressbook.GroupCreationTests' /><ijLogEol/>    <event destination='StdErr'><![CDATA[MTY0NjIwOTgwNTMwOQlNYXJpb25ldHRlCUlORk8JU3RvcHBlZCBsaXN0ZW5pbmcgb24gcG9ydCA2MDYwMw0K]]></event><ijLogEol/>  </test><ijLogEol/></event></ijLog>
<ijLog><event type='onOutput'><ijLogEol/>  <test id='1.4' parentId='1.3'><ijLogEol/>    <descriptor name='ru.stqa.java_automation_course.addressbook.GroupCreationTests' className='ru.stqa.java_automation_course.addressbook.GroupCreationTests' /><ijLogEol/>    <event destination='StdErr'><![CDATA[W1BhcmVudCAyMTkyOCwgSVBDIEkvTyBQYXJlbnRdIFdBUk5JTkc6IGZpbGUgL2J1aWxkcy93b3JrZXIvY2hlY2tvdXRzL2dlY2tvL2lwYy9jaHJvbWl1bS9zcmMvYmFzZS9wcm9jZXNzX3V0aWxfd2luLmNjOjE2Nw0K]]></event><ijLogEol/>  </test><ijLogEol/></event></ijLog>
<ijLog><event type='afterSuite'><ijLogEol/>  <test id='1.4' parentId='1.3'><ijLogEol/>    <descriptor name='ru.stqa.java_automation_course.addressbook.GroupCreationTests' className='ru.stqa.java_automation_course.addressbook.GroupCreationTests' /><ijLogEol/>    <result resultType='SUCCESS' startTime='1646209796326' endTime='1646209808976'><ijLogEol/>      <failureType>error</failureType><ijLogEol/>    </result><ijLogEol/>  </test><ijLogEol/></event></ijLog>
<ijLog><event type='afterSuite'><ijLogEol/>  <test id='1.3' parentId='1.2'><ijLogEol/>    <descriptor name='Gradle test' className='' /><ijLogEol/>    <result resultType='SUCCESS' startTime='1646209796311' endTime='1646209808979'><ijLogEol/>      <failureType>error</failureType><ijLogEol/>    </result><ijLogEol/>  </test><ijLogEol/></event></ijLog>
<ijLog><event type='afterSuite'><ijLogEol/>  <test id='1.2' parentId='1.1'><ijLogEol/>    <descriptor name='Gradle suite' className='' /><ijLogEol/>    <result resultType='SUCCESS' startTime='1646209796311' endTime='1646209809022'><ijLogEol/>      <failureType>error</failureType><ijLogEol/>    </result><ijLogEol/>  </test><ijLogEol/></event></ijLog>
<ijLog><event type='afterSuite'><ijLogEol/>  <test id='1.1' parentId=':test'><ijLogEol/>    <descriptor name='Gradle Test Executor 1' className='' /><ijLogEol/>    <result resultType='SUCCESS' startTime='1646209796108' endTime='1646209809022'><ijLogEol/>      <failureType>error</failureType><ijLogEol/>    </result><ijLogEol/>  </test><ijLogEol/></event></ijLog>
<ijLog><event type='afterSuite'><ijLogEol/>  <test id=':test' parentId=''><ijLogEol/>    <descriptor name='Gradle Test Run :test' className='' /><ijLogEol/>    <result resultType='SUCCESS' startTime='1646209795317' endTime='1646209809581'><ijLogEol/>      <failureType>error</failureType><ijLogEol/>    </result><ijLogEol/>  </test><ijLogEol/></event></ijLog>

BUILD SUCCESSFUL in 21s
2 actionable tasks: 2 executed
2022-03-02T11:30:09.812+0300 [DEBUG] [org.gradle.launcher.daemon.server.exec.ExecuteBuild] The daemon has finished executing the build.
2022-03-02T11:30:09.828+0300 [DEBUG] [org.gradle.launcher.daemon.server.DaemonStateCoordinator] daemon is running. Sleeping until state changes.
2022-03-02T11:30:09.828+0300 [DEBUG] [org.gradle.launcher.daemon.server.DaemonStateCoordinator] Command execution: finished waiting for DaemonCommandExecution[command = Build{id=57679e0e-67e7-413c-83db-13d31c0ab7d6, currentDir=C:\Users\Ann\Documents\GitHub\java_automation_course\addressbook-web-tests}, connection = DefaultDaemonConnection: socket connection from /127.0.0.1:60561 to /127.0.0.1:60562]. Result org.gradle.launcher.daemon.server.DaemonStateCoordinator@28bd7172 with state Busy
2022-03-02T11:30:09.828+0300 [DEBUG] [org.gradle.launcher.daemon.server.DaemonStateCoordinator] Command execution: completed DaemonCommandExecution[command = Build{id=57679e0e-67e7-413c-83db-13d31c0ab7d6, currentDir=C:\Users\Ann\Documents\GitHub\java_automation_course\addressbook-web-tests}, connection = DefaultDaemonConnection: socket connection from /127.0.0.1:60561 to /127.0.0.1:60562]
2022-03-02T11:30:09.828+0300 [DEBUG] [org.gradle.launcher.daemon.server.DaemonStateCoordinator] resetting idle timer
2022-03-02T11:30:09.829+0300 [INFO] [org.gradle.launcher.daemon.server.DaemonRegistryUpdater] Marking the daemon as idle, address: [c207b3fc-287f-430d-8bfb-6979995ded01 port:60561, addresses:[localhost/127.0.0.1]]
2022-03-02T11:30:09.829+0300 [DEBUG] [org.gradle.launcher.daemon.registry.PersistentDaemonRegistry] Marking busy by address: [c207b3fc-287f-430d-8bfb-6979995ded01 port:60561, addresses:[localhost/127.0.0.1]]
2022-03-02T11:30:09.830+0300 [DEBUG] [org.gradle.cache.internal.DefaultFileLockManager] Waiting to acquire exclusive lock on daemon addresses registry.
2022-03-02T11:30:09.830+0300 [DEBUG] [org.gradle.cache.internal.DefaultFileLockManager] Lock acquired on daemon addresses registry.
2022-03-02T11:30:09.831+0300 [DEBUG] [org.gradle.cache.internal.DefaultFileLockManager] Releasing lock on daemon addresses registry.
2022-03-02T11:30:09.831+0300 [DEBUG] [org.gradle.launcher.daemon.server.DaemonStateCoordinator] daemon is running. Sleeping until state changes.
2022-03-02T11:30:09.831+0300 [DEBUG] [org.gradle.launcher.daemon.server.exec.ReturnResult] Daemon is dispatching the build result: Success[value=org.gradle.launcher.exec.BuildActionResult@7077ab6d]
2022-03-02T11:30:09.831+0300 [DEBUG] [org.gradle.launcher.daemon.server.SynchronizedDispatchConnection] thread 16: dispatching Success[value=org.gradle.launcher.exec.BuildActionResult@7077ab6d]
2022-03-02T11:30:09.832+0300 [DEBUG] [org.gradle.launcher.daemon.server.DefaultIncomingConnectionHandler] Finishing executing command: Build{id=57679e0e-67e7-413c-83db-13d31c0ab7d6, currentDir=C:\Users\Ann\Documents\GitHub\java_automation_course\addressbook-web-tests}
2022-03-02T11:30:09.832+0300 [DEBUG] [org.gradle.launcher.daemon.server.SynchronizedDispatchConnection] thread 17: received class org.gradle.launcher.daemon.protocol.CloseInput
2022-03-02T11:30:09.832+0300 [DEBUG] [org.gradle.launcher.daemon.server.DefaultDaemonConnection] thread 17: Received IO message from client: org.gradle.launcher.daemon.protocol.CloseInput@2c22b8e6
2022-03-02T11:30:09.832+0300 [DEBUG] [org.gradle.launcher.daemon.server.SynchronizedDispatchConnection] thread 17: received class org.gradle.launcher.daemon.protocol.Finished
2022-03-02T11:30:09.832+0300 [DEBUG] [org.gradle.launcher.daemon.server.DefaultDaemonConnection] thread 17: Received non-IO message from client: org.gradle.launcher.daemon.protocol.Finished@513daafc
2022-03-02T11:30:09.833+0300 [DEBUG] [org.gradle.launcher.daemon.server.DefaultIncomingConnectionHandler] Received finished message: org.gradle.launcher.daemon.protocol.Finished@513daafc
2022-03-02T11:30:09.833+0300 [DEBUG] [org.gradle.launcher.daemon.server.SynchronizedDispatchConnection] thread 16: stopping connection
2022-03-02T11:30:09.833+0300 [DEBUG] [org.gradle.internal.remote.internal.inet.SocketConnection] Discarding EOFException: java.io.EOFException
2022-03-02T11:30:09.833+0300 [DEBUG] [org.gradle.launcher.daemon.server.SynchronizedDispatchConnection] thread 17: received null
2022-03-02T11:30:09.833+0300 [DEBUG] [org.gradle.launcher.daemon.server.DefaultDaemonConnection] thread 17: Received end-of-input from client.
2022-03-02T11:30:09.834+0300 [DEBUG] [org.gradle.launcher.daemon.server.SynchronizedDispatchConnection] thread 16: stopping connection
2022-03-02T11:30:10.097+0300 [DEBUG] [org.gradle.cache.internal.DefaultFileLockManager] Waiting to acquire shared lock on daemon addresses registry.
2022-03-02T11:30:10.097+0300 [DEBUG] [org.gradle.cache.internal.DefaultFileLockManager] Lock acquired on daemon addresses registry.
2022-03-02T11:30:10.098+0300 [DEBUG] [org.gradle.cache.internal.DefaultFileLockManager] Releasing lock on daemon addresses registry.
2022-03-02T11:30:10.099+0300 [DEBUG] [org.gradle.cache.internal.DefaultFileLockManager] Waiting to acquire shared lock on daemon addresses registry.
2022-03-02T11:30:10.099+0300 [DEBUG] [org.gradle.cache.internal.DefaultFileLockManager] Lock acquired on daemon addresses registry.
2022-03-02T11:30:10.099+0300 [DEBUG] [org.gradle.cache.internal.DefaultFileLockManager] Releasing lock on daemon addresses registry.
2022-03-02T11:30:20.100+0300 [DEBUG] [org.gradle.cache.internal.DefaultFileLockManager] Waiting to acquire shared lock on daemon addresses registry.
2022-03-02T11:30:20.101+0300 [DEBUG] [org.gradle.cache.internal.DefaultFileLockManager] Lock acquired on daemon addresses registry.
2022-03-02T11:30:20.101+0300 [DEBUG] [org.gradle.cache.internal.DefaultFileLockManager] Releasing lock on daemon addresses registry.
2022-03-02T11:30:20.102+0300 [DEBUG] [org.gradle.cache.internal.DefaultFileLockManager] Waiting to acquire shared lock on daemon addresses registry.
2022-03-02T11:30:20.102+0300 [DEBUG] [org.gradle.cache.internal.DefaultFileLockManager] Lock acquired on daemon addresses registry.
2022-03-02T11:30:20.102+0300 [DEBUG] [org.gradle.cache.internal.DefaultFileLockManager] Releasing lock on daemon addresses registry.
2022-03-02T11:30:20.103+0300 [DEBUG] [org.gradle.cache.internal.DefaultFileLockManager] Waiting to acquire shared lock on daemon addresses registry.
2022-03-02T11:30:20.103+0300 [DEBUG] [org.gradle.cache.internal.DefaultFileLockManager] Lock acquired on daemon addresses registry.
2022-03-02T11:30:20.104+0300 [DEBUG] [org.gradle.cache.internal.DefaultFileLockManager] Releasing lock on daemon addresses registry.
2022-03-02T11:30:30.107+0300 [DEBUG] [org.gradle.cache.internal.DefaultFileLockManager] Waiting to acquire shared lock on daemon addresses registry.
2022-03-02T11:30:30.107+0300 [DEBUG] [org.gradle.cache.internal.DefaultFileLockManager] Lock acquired on daemon addresses registry.
2022-03-02T11:30:30.108+0300 [DEBUG] [org.gradle.cache.internal.DefaultFileLockManager] Releasing lock on daemon addresses registry.
2022-03-02T11:30:30.110+0300 [DEBUG] [org.gradle.cache.internal.DefaultFileLockManager] Waiting to acquire shared lock on daemon addresses registry.
2022-03-02T11:30:30.110+0300 [DEBUG] [org.gradle.cache.internal.DefaultFileLockManager] Lock acquired on daemon addresses registry.
2022-03-02T11:30:30.110+0300 [DEBUG] [org.gradle.cache.internal.DefaultFileLockManager] Releasing lock on daemon addresses registry.
2022-03-02T11:30:30.111+0300 [DEBUG] [org.gradle.cache.internal.DefaultFileLockManager] Waiting to acquire shared lock on daemon addresses registry.
2022-03-02T11:30:30.111+0300 [DEBUG] [org.gradle.cache.internal.DefaultFileLockManager] Lock acquired on daemon addresses registry.
2022-03-02T11:30:30.111+0300 [DEBUG] [org.gradle.cache.internal.DefaultFileLockManager] Releasing lock on daemon addresses registry.
2022-03-02T11:30:40.098+0300 [DEBUG] [org.gradle.cache.internal.DefaultFileLockManager] Waiting to acquire shared lock on daemon addresses registry.
2022-03-02T11:30:40.098+0300 [DEBUG] [org.gradle.cache.internal.DefaultFileLockManager] Lock acquired on daemon addresses registry.
2022-03-02T11:30:40.099+0300 [DEBUG] [org.gradle.cache.internal.DefaultFileLockManager] Releasing lock on daemon addresses registry.
2022-03-02T11:30:40.101+0300 [DEBUG] [org.gradle.cache.internal.DefaultFileLockManager] Waiting to acquire shared lock on daemon addresses registry.
2022-03-02T11:30:40.101+0300 [DEBUG] [org.gradle.cache.internal.DefaultFileLockManager] Lock acquired on daemon addresses registry.
2022-03-02T11:30:40.102+0300 [DEBUG] [org.gradle.cache.internal.DefaultFileLockManager] Releasing lock on daemon addresses registry.
2022-03-02T11:30:40.103+0300 [DEBUG] [org.gradle.cache.internal.DefaultFileLockManager] Waiting to acquire shared lock on daemon addresses registry.
2022-03-02T11:30:40.103+0300 [DEBUG] [org.gradle.cache.internal.DefaultFileLockManager] Lock acquired on daemon addresses registry.
2022-03-02T11:30:40.104+0300 [DEBUG] [org.gradle.cache.internal.DefaultFileLockManager] Releasing lock on daemon addresses registry.
2022-03-02T11:30:41.272+0300 [DEBUG] [org.gradle.internal.remote.internal.inet.TcpIncomingConnector] Accepted connection from /127.0.0.1:60693 to /127.0.0.1:60561.
2022-03-02T11:30:41.274+0300 [DEBUG] [org.gradle.launcher.daemon.server.SynchronizedDispatchConnection] thread 130: received class org.gradle.launcher.daemon.protocol.Build
2022-03-02T11:30:41.275+0300 [DEBUG] [org.gradle.launcher.daemon.server.DefaultDaemonConnection] thread 130: Received non-IO message from client: Build{id=7c5af3ea-cbbf-4f85-8088-fae28b5107a3, currentDir=C:\Users\Ann\Documents\GitHub\java_automation_course\addressbook-web-tests}
2022-03-02T11:30:41.275+0300 [INFO] [org.gradle.launcher.daemon.server.DefaultIncomingConnectionHandler] Received command: Build{id=7c5af3ea-cbbf-4f85-8088-fae28b5107a3, currentDir=C:\Users\Ann\Documents\GitHub\java_automation_course\addressbook-web-tests}.
2022-03-02T11:30:41.275+0300 [DEBUG] [org.gradle.launcher.daemon.server.DefaultIncomingConnectionHandler] Starting executing command: Build{id=7c5af3ea-cbbf-4f85-8088-fae28b5107a3, currentDir=C:\Users\Ann\Documents\GitHub\java_automation_course\addressbook-web-tests} with connection: socket connection from /127.0.0.1:60561 to /127.0.0.1:60693.
2022-03-02T11:30:41.275+0300 [DEBUG] [org.gradle.launcher.daemon.server.DaemonStateCoordinator] Command execution: started DaemonCommandExecution[command = Build{id=7c5af3ea-cbbf-4f85-8088-fae28b5107a3, currentDir=C:\Users\Ann\Documents\GitHub\java_automation_course\addressbook-web-tests}, connection = DefaultDaemonConnection: socket connection from /127.0.0.1:60561 to /127.0.0.1:60693] after 0.0 minutes of idle
2022-03-02T11:30:41.275+0300 [INFO] [org.gradle.launcher.daemon.server.DaemonRegistryUpdater] Marking the daemon as busy, address: [c207b3fc-287f-430d-8bfb-6979995ded01 port:60561, addresses:[localhost/127.0.0.1]]
2022-03-02T11:30:41.275+0300 [DEBUG] [org.gradle.launcher.daemon.registry.PersistentDaemonRegistry] Marking busy by address: [c207b3fc-287f-430d-8bfb-6979995ded01 port:60561, addresses:[localhost/127.0.0.1]]
2022-03-02T11:30:41.276+0300 [DEBUG] [org.gradle.cache.internal.DefaultFileLockManager] Waiting to acquire exclusive lock on daemon addresses registry.
2022-03-02T11:30:41.276+0300 [DEBUG] [org.gradle.cache.internal.DefaultFileLockManager] Lock acquired on daemon addresses registry.
2022-03-02T11:30:41.277+0300 [DEBUG] [org.gradle.cache.internal.DefaultFileLockManager] Releasing lock on daemon addresses registry.
2022-03-02T11:30:41.277+0300 [DEBUG] [org.gradle.launcher.daemon.server.DaemonStateCoordinator] resetting idle timer
2022-03-02T11:30:41.277+0300 [DEBUG] [org.gradle.launcher.daemon.server.DaemonStateCoordinator] daemon is running. Sleeping until state changes.
2022-03-02T11:30:41.277+0300 [INFO] [org.gradle.launcher.daemon.server.exec.StartBuildOrRespondWithBusy] Daemon is about to start building Build{id=7c5af3ea-cbbf-4f85-8088-fae28b5107a3, currentDir=C:\Users\Ann\Documents\GitHub\java_automation_course\addressbook-web-tests}. Dispatching build started information...
2022-03-02T11:30:41.277+0300 [DEBUG] [org.gradle.launcher.daemon.server.SynchronizedDispatchConnection] thread 19: dispatching org.gradle.launcher.daemon.protocol.BuildStarted@5f21d869
2022-03-02T11:30:41.278+0300 [DEBUG] [org.gradle.launcher.daemon.server.exec.EstablishBuildEnvironment] Configuring env variables: [USERDOMAIN_ROAMINGPROFILE, LOCALAPPDATA, PROCESSOR_LEVEL, USERDOMAIN, LOGONSERVER, FPS_BROWSER_APP_PROFILE_STRING, JAVA_HOME, SESSIONNAME, ALLUSERSPROFILE, ADSK_3DSMAX_x64_2021, PROCESSOR_ARCHITECTURE, PSModulePath, SystemDrive, OneDrive, APPDATA, USERNAME, ProgramFiles(x86), CommonProgramFiles, Path, FPS_BROWSER_USER_PROFILE_STRING, PATHEXT, DriverData, OS, COMPUTERNAME, IntelliJ IDEA Community Edition, PROCESSOR_REVISION, CommonProgramW6432, ComSpec, ProgramData, ProgramW6432, TEMP, HOMEPATH, SystemRoot, PROCESSOR_IDENTIFIER, HOMEDRIVE, USERPROFILE, TMP, CommonProgramFiles(x86), ProgramFiles, PUBLIC, windir, NUMBER_OF_PROCESSORS, =::, IDEA_INITIAL_DIRECTORY]
2022-03-02T11:30:41.278+0300 [DEBUG] [org.gradle.launcher.daemon.server.exec.LogToClient] About to start relaying all logs to the client via the connection.
2022-03-02T11:30:41.279+0300 [INFO] [org.gradle.launcher.daemon.server.exec.LogToClient] The client will now receive all logging from the daemon (pid: 17192). The daemon log file: C:\Users\Ann\Documents\GitHub\java_automation_course\sandbox\daemon\7.3.3\daemon-17192.out.log
2022-03-02T11:30:41.279+0300 [INFO] [org.gradle.launcher.daemon.server.exec.LogAndCheckHealth] Starting 2nd build in daemon [uptime: 51.908 secs, performance: 100%, non-heap usage: 20% of 256 MiB]
2022-03-02T11:30:41.279+0300 [DEBUG] [org.gradle.launcher.daemon.server.exec.ExecuteBuild] The daemon has started executing the build.
2022-03-02T11:30:41.279+0300 [DEBUG] [org.gradle.launcher.daemon.server.exec.ExecuteBuild] Executing build with daemon context: DefaultDaemonContext[uid=f40063bd-a911-4a73-ad9d-79c45c65df33,javaHome=C:\Program Files\Java\jdk1.8.0_231,daemonRegistryDir=C:\Users\Ann\Documents\GitHub\java_automation_course\sandbox\daemon,pid=17192,idleTimeout=10800000,priority=NORMAL,daemonOpts=-XX:MaxMetaspaceSize=256m,-XX:+HeapDumpOnOutOfMemoryError,-Xms256m,-Xmx512m,-Dfile.encoding=windows-1251,-Duser.country=RU,-Duser.language=ru,-Duser.variant]
<ijLog><event type='reportLocation' testReport='C:\Users\Ann\Documents\GitHub\java_automation_course\addressbook-web-tests\build\reports\tests\test\index.html' /></ijLog>
<ijLog><event type='beforeSuite'><ijLogEol/>  <test id=':test' parentId=''><ijLogEol/>    <descriptor name='Gradle Test Run :test' className='' /><ijLogEol/>  </test><ijLogEol/></event></ijLog>
<ijLog><event type='beforeSuite'><ijLogEol/>  <test id='2.1' parentId=':test'><ijLogEol/>    <descriptor name='Gradle Test Executor 2' className='' /><ijLogEol/>  </test><ijLogEol/></event></ijLog>
<ijLog><event type='onOutput'><ijLogEol/>  <test id='2.1' parentId=':test'><ijLogEol/>    <descriptor name='Gradle Test Executor 2' className='' /><ijLogEol/>    <event destination='StdErr'><![CDATA[U0xGNEo6IEZhaWxlZCB0byBsb2FkIGNsYXNzICJvcmcuc2xmNGouaW1wbC5TdGF0aWNMb2dnZXJCaW5kZXIiLg0K]]></event><ijLogEol/>  </test><ijLogEol/></event></ijLog>
<ijLog><event type='onOutput'><ijLogEol/>  <test id='2.1' parentId=':test'><ijLogEol/>    <descriptor name='Gradle Test Executor 2' className='' /><ijLogEol/>    <event destination='StdErr'><![CDATA[U0xGNEo6IERlZmF1bHRpbmcgdG8gbm8tb3BlcmF0aW9uIChOT1ApIGxvZ2dlciBpbXBsZW1lbnRhdGlvbg0K]]></event><ijLogEol/>  </test><ijLogEol/></event></ijLog>
<ijLog><event type='onOutput'><ijLogEol/>  <test id='2.1' parentId=':test'><ijLogEol/>    <descriptor name='Gradle Test Executor 2' className='' /><ijLogEol/>    <event destination='StdErr'><![CDATA[U0xGNEo6IFNlZSBodHRwOi8vd3d3LnNsZjRqLm9yZy9jb2Rlcy5odG1sI1N0YXRpY0xvZ2dlckJpbmRlciBmb3IgZnVydGhlciBkZXRhaWxzLg0K]]></event><ijLogEol/>  </test><ijLogEol/></event></ijLog>
<ijLog><event type='beforeSuite'><ijLogEol/>  <test id='2.2' parentId='2.1'><ijLogEol/>    <descriptor name='Gradle suite' className='' /><ijLogEol/>  </test><ijLogEol/></event></ijLog>
<ijLog><event type='beforeSuite'><ijLogEol/>  <test id='2.3' parentId='2.2'><ijLogEol/>    <descriptor name='Gradle test' className='' /><ijLogEol/>  </test><ijLogEol/></event></ijLog>
<ijLog><event type='beforeSuite'><ijLogEol/>  <test id='2.4' parentId='2.3'><ijLogEol/>    <descriptor name='ru.stqa.java_automation_course.addressbook.GroupDeletionTests' className='ru.stqa.java_automation_course.addressbook.GroupDeletionTests' /><ijLogEol/>  </test><ijLogEol/></event></ijLog>
<ijLog><event type='onOutput'><ijLogEol/>  <test id='2.4' parentId='2.3'><ijLogEol/>    <descriptor name='ru.stqa.java_automation_course.addressbook.GroupDeletionTests' className='ru.stqa.java_automation_course.addressbook.GroupDeletionTests' /><ijLogEol/>    <event destination='StdErr'><![CDATA[MTY0NjIwOTg0MzYwNQlnZWNrb2RyaXZlcglJTkZPCUxpc3RlbmluZyBvbiAxMjcuMC4wLjE6NTIwNzQK]]></event><ijLogEol/>  </test><ijLogEol/></event></ijLog>
<ijLog><event type='onOutput'><ijLogEol/>  <test id='2.4' parentId='2.3'><ijLogEol/>    <descriptor name='ru.stqa.java_automation_course.addressbook.GroupDeletionTests' className='ru.stqa.java_automation_course.addressbook.GroupDeletionTests' /><ijLogEol/>    <event destination='StdErr'><![CDATA[MTY0NjIwOTg0NDY3MAltb3pydW5uZXI6OnJ1bm5lcglJTkZPCVJ1bm5pbmcgY29tbWFuZDogIkM6XFxQcm9ncmFtIEZpbGVzXFxNb3ppbGxhIEZpcmVmb3hcXGZpcmVmb3guZXhlIiAiLS1tYXJpb25ldHRlIiAiLS1yZW1vdGUtZGVidWdnaW5nLXBvcnQiICI0OTIyNyIgIi1uby1yZW1vdGUiICItcHJvZmlsZSIgIkM6XFxVc2Vyc1xcQW5uXFxBcHBEYXRhXFxMb2NhbFxcVGVtcFxccnVzdF9tb3pwcm9maWxlbUliZDcxIgo=]]></event><ijLogEol/>  </test><ijLogEol/></event></ijLog>
<ijLog><event type='onOutput'><ijLogEol/>  <test id='2.4' parentId='2.3'><ijLogEol/>    <descriptor name='ru.stqa.java_automation_course.addressbook.GroupDeletionTests' className='ru.stqa.java_automation_course.addressbook.GroupDeletionTests' /><ijLogEol/>    <event destination='StdErr'><![CDATA[MTY0NjIwOTg0NDk0NQlNYXJpb25ldHRlCUlORk8JTWFyaW9uZXR0ZSBlbmFibGVkDQo=]]></event><ijLogEol/>  </test><ijLogEol/></event></ijLog>
<ijLog><event type='onOutput'><ijLogEol/>  <test id='2.4' parentId='2.3'><ijLogEol/>    <descriptor name='ru.stqa.java_automation_course.addressbook.GroupDeletionTests' className='ru.stqa.java_automation_course.addressbook.GroupDeletionTests' /><ijLogEol/>    <event destination='StdErr'><![CDATA[Y29uc29sZS53YXJuOiBTZWFyY2hTZXR0aW5nczogImdldDogTm8gc2V0dGluZ3MgZmlsZSBleGlzdHMsIG5ldyBwcm9maWxlPyIgKG5ldyBOb3RGb3VuZEVycm9yKCJDb3VsZCBub3Qgb3BlbiB0aGUgZmlsZSBhdCBDOlxcVXNlcnNcXEFublxcQXBwRGF0YVxcTG9jYWxcXFRlbXBcXHJ1c3RfbW96cHJvZmlsZW1JYmQ3MVxcc2VhcmNoLmpzb24ubW96bHo0IiwgKHZvaWQgMCkpKQ0K]]></event><ijLogEol/>  </test><ijLogEol/></event></ijLog>
<ijLog><event type='onOutput'><ijLogEol/>  <test id='2.4' parentId='2.3'><ijLogEol/>    <descriptor name='ru.stqa.java_automation_course.addressbook.GroupDeletionTests' className='ru.stqa.java_automation_course.addressbook.GroupDeletionTests' /><ijLogEol/>    <event destination='StdErr'><![CDATA[RGV2VG9vbHMgbGlzdGVuaW5nIG9uIHdzOi8vbG9jYWxob3N0OjQ5MjI3L2RldnRvb2xzL2Jyb3dzZXIvZTdlMDg4NWUtNGI5Mi00OTZiLWEzYzMtYjEwYTJkYjBiNjQ3DQo=]]></event><ijLogEol/>  </test><ijLogEol/></event></ijLog>
<ijLog><event type='onOutput'><ijLogEol/>  <test id='2.4' parentId='2.3'><ijLogEol/>    <descriptor name='ru.stqa.java_automation_course.addressbook.GroupDeletionTests' className='ru.stqa.java_automation_course.addressbook.GroupDeletionTests' /><ijLogEol/>    <event destination='StdErr'><![CDATA[MTY0NjIwOTg0Njg0NglNYXJpb25ldHRlCUlORk8JTGlzdGVuaW5nIG9uIHBvcnQgNjA3MzMNCg==]]></event><ijLogEol/>  </test><ijLogEol/></event></ijLog>
<ijLog><event type='onOutput'><ijLogEol/>  <test id='2.4' parentId='2.3'><ijLogEol/>    <descriptor name='ru.stqa.java_automation_course.addressbook.GroupDeletionTests' className='ru.stqa.java_automation_course.addressbook.GroupDeletionTests' /><ijLogEol/>    <event destination='StdErr'><![CDATA[MTY0NjIwOTg0NzMzNglSZW1vdGVBZ2VudAlXQVJOCVRMUyBjZXJ0aWZpY2F0ZSBlcnJvcnMgd2lsbCBiZSBpZ25vcmVkIGZvciB0aGlzIHNlc3Npb24NCg==]]></event><ijLogEol/>  </test><ijLogEol/></event></ijLog>
<ijLog><event type='onOutput'><ijLogEol/>  <test id='2.4' parentId='2.3'><ijLogEol/>    <descriptor name='ru.stqa.java_automation_course.addressbook.GroupDeletionTests' className='ru.stqa.java_automation_course.addressbook.GroupDeletionTests' /><ijLogEol/>    <event destination='StdErr'><![CDATA[0LzQsNGAIDAyLCAyMDIyIDExOjMwOjQ3IEFNIG9yZy5vcGVucWEuc2VsZW5pdW0ucmVtb3RlLlByb3RvY29sSGFuZHNoYWtlIGNyZWF0ZVNlc3Npb24NCg==]]></event><ijLogEol/>  </test><ijLogEol/></event></ijLog>
<ijLog><event type='onOutput'><ijLogEol/>  <test id='2.4' parentId='2.3'><ijLogEol/>    <descriptor name='ru.stqa.java_automation_course.addressbook.GroupDeletionTests' className='ru.stqa.java_automation_course.addressbook.GroupDeletionTests' /><ijLogEol/>    <event destination='StdErr'><![CDATA[SU5GTzogRGV0ZWN0ZWQgZGlhbGVjdDogVzNDDQo=]]></event><ijLogEol/>  </test><ijLogEol/></event></ijLog>
<ijLog><event type='onOutput'><ijLogEol/>  <test id='2.4' parentId='2.3'><ijLogEol/>    <descriptor name='ru.stqa.java_automation_course.addressbook.GroupDeletionTests' className='ru.stqa.java_automation_course.addressbook.GroupDeletionTests' /><ijLogEol/>    <event destination='StdErr'><![CDATA[Y29uc29sZS53YXJuOiBMb2dpblJlY2lwZXM6ICJnZXRSZWNpcGVzOiBmYWxsaW5nIGJhY2sgdG8gYSBzeW5jaHJvbm91cyBtZXNzYWdlIGZvcjoiICJodHRwczovL2xvY2FsaG9zdCINCg==]]></event><ijLogEol/>  </test><ijLogEol/></event></ijLog>
<ijLog><event type='onOutput'><ijLogEol/>  <test id='2.4' parentId='2.3'><ijLogEol/>    <descriptor name='ru.stqa.java_automation_course.addressbook.GroupDeletionTests' className='ru.stqa.java_automation_course.addressbook.GroupDeletionTests' /><ijLogEol/>    <event destination='StdErr'><![CDATA[Y29uc29sZS53YXJuOiBMb2dpblJlY2lwZXM6ICJnZXRSZWNpcGVzOiBmYWxsaW5nIGJhY2sgdG8gYSBzeW5jaHJvbm91cyBtZXNzYWdlIGZvcjoiICJodHRwczovL2xvY2FsaG9zdCINCg==]]></event><ijLogEol/>  </test><ijLogEol/></event></ijLog>
<ijLog><event type='onOutput'><ijLogEol/>  <test id='2.4' parentId='2.3'><ijLogEol/>    <descriptor name='ru.stqa.java_automation_course.addressbook.GroupDeletionTests' className='ru.stqa.java_automation_course.addressbook.GroupDeletionTests' /><ijLogEol/>    <event destination='StdErr'><![CDATA[SmF2YVNjcmlwdCBlcnJvcjogcmVzb3VyY2U6Ly9ncmUvbW9kdWxlcy9Mb2dpbk1hbmFnZXJQYXJlbnQuanNtLCBsaW5lIDEzNjogVHlwZUVycm9yOiBnUmVjaXBlTWFuYWdlciBpcyBudWxsDQo=]]></event><ijLogEol/>  </test><ijLogEol/></event></ijLog>
<ijLog><event type='beforeTest'><ijLogEol/>  <test id='2.5' parentId='2.4'><ijLogEol/>    <descriptor name='testGroupDeletion' className='ru.stqa.java_automation_course.addressbook.GroupDeletionTests' /><ijLogEol/>  </test><ijLogEol/></event></ijLog>
<ijLog><event type='onOutput'><ijLogEol/>  <test id='2.5' parentId='2.4'><ijLogEol/>    <descriptor name='testGroupDeletion' className='ru.stqa.java_automation_course.addressbook.GroupDeletionTests' /><ijLogEol/>    <event destination='StdErr'><![CDATA[Y29uc29sZS53YXJuOiBMb2dpblJlY2lwZXM6ICJnZXRSZWNpcGVzOiBmYWxsaW5nIGJhY2sgdG8gYSBzeW5jaHJvbm91cyBtZXNzYWdlIGZvcjoiICJodHRwczovL2xvY2FsaG9zdCINCg==]]></event><ijLogEol/>  </test><ijLogEol/></event></ijLog>
<ijLog><event type='onOutput'><ijLogEol/>  <test id='2.5' parentId='2.4'><ijLogEol/>    <descriptor name='testGroupDeletion' className='ru.stqa.java_automation_course.addressbook.GroupDeletionTests' /><ijLogEol/>    <event destination='StdErr'><![CDATA[SmF2YVNjcmlwdCBlcnJvcjogcmVzb3VyY2U6Ly9ncmUvbW9kdWxlcy9Mb2dpbk1hbmFnZXJQYXJlbnQuanNtLCBsaW5lIDEzNjogVHlwZUVycm9yOiBnUmVjaXBlTWFuYWdlciBpcyBudWxsDQo=]]></event><ijLogEol/>  </test><ijLogEol/></event></ijLog>
<ijLog><event type='onOutput'><ijLogEol/>  <test id='2.5' parentId='2.4'><ijLogEol/>    <descriptor name='testGroupDeletion' className='ru.stqa.java_automation_course.addressbook.GroupDeletionTests' /><ijLogEol/>    <event destination='StdErr'><![CDATA[Y29uc29sZS53YXJuOiBMb2dpblJlY2lwZXM6ICJnZXRSZWNpcGVzOiBmYWxsaW5nIGJhY2sgdG8gYSBzeW5jaHJvbm91cyBtZXNzYWdlIGZvcjoiICJodHRwczovL2xvY2FsaG9zdCINCg==]]></event><ijLogEol/>  </test><ijLogEol/></event></ijLog>
<ijLog><event type='onOutput'><ijLogEol/>  <test id='2.5' parentId='2.4'><ijLogEol/>    <descriptor name='testGroupDeletion' className='ru.stqa.java_automation_course.addressbook.GroupDeletionTests' /><ijLogEol/>    <event destination='StdErr'><![CDATA[SmF2YVNjcmlwdCBlcnJvcjogcmVzb3VyY2U6Ly9ncmUvbW9kdWxlcy9Mb2dpbk1hbmFnZXJQYXJlbnQuanNtLCBsaW5lIDEzNjogVHlwZUVycm9yOiBnUmVjaXBlTWFuYWdlciBpcyBudWxsDQo=]]></event><ijLogEol/>  </test><ijLogEol/></event></ijLog>
<ijLog><event type='onOutput'><ijLogEol/>  <test id='2.5' parentId='2.4'><ijLogEol/>    <descriptor name='testGroupDeletion' className='ru.stqa.java_automation_course.addressbook.GroupDeletionTests' /><ijLogEol/>    <event destination='StdErr'><![CDATA[Y29uc29sZS53YXJuOiBMb2dpblJlY2lwZXM6ICJnZXRSZWNpcGVzOiBmYWxsaW5nIGJhY2sgdG8gYSBzeW5jaHJvbm91cyBtZXNzYWdlIGZvcjoiICJodHRwczovL2xvY2FsaG9zdCINCg==]]></event><ijLogEol/>  </test><ijLogEol/></event></ijLog>
<ijLog><event type='onOutput'><ijLogEol/>  <test id='2.5' parentId='2.4'><ijLogEol/>    <descriptor name='testGroupDeletion' className='ru.stqa.java_automation_course.addressbook.GroupDeletionTests' /><ijLogEol/>    <event destination='StdErr'><![CDATA[SmF2YVNjcmlwdCBlcnJvcjogcmVzb3VyY2U6Ly9ncmUvbW9kdWxlcy9Mb2dpbk1hbmFnZXJQYXJlbnQuanNtLCBsaW5lIDEzNjogVHlwZUVycm9yOiBnUmVjaXBlTWFuYWdlciBpcyBudWxsDQo=]]></event><ijLogEol/>  </test><ijLogEol/></event></ijLog>
<ijLog><event type='afterTest'><ijLogEol/>  <test id='2.5' parentId='2.4'><ijLogEol/>    <descriptor name='testGroupDeletion' className='ru.stqa.java_automation_course.addressbook.GroupDeletionTests' /><ijLogEol/>    <result resultType='SUCCESS' startTime='1646209847949' endTime='1646209848470'><ijLogEol/>      <failureType>error</failureType><ijLogEol/>    </result><ijLogEol/>  </test><ijLogEol/></event></ijLog>
<ijLog><event type='onOutput'><ijLogEol/>  <test id='2.4' parentId='2.3'><ijLogEol/>    <descriptor name='ru.stqa.java_automation_course.addressbook.GroupDeletionTests' className='ru.stqa.java_automation_course.addressbook.GroupDeletionTests' /><ijLogEol/>    <event destination='StdErr'><![CDATA[MTY0NjIwOTg0ODQ4MAlNYXJpb25ldHRlCUlORk8JU3RvcHBlZCBsaXN0ZW5pbmcgb24gcG9ydCA2MDczMw0K]]></event><ijLogEol/>  </test><ijLogEol/></event></ijLog>
<ijLog><event type='afterSuite'><ijLogEol/>  <test id='2.4' parentId='2.3'><ijLogEol/>    <descriptor name='ru.stqa.java_automation_course.addressbook.GroupDeletionTests' className='ru.stqa.java_automation_course.addressbook.GroupDeletionTests' /><ijLogEol/>    <result resultType='SUCCESS' startTime='1646209842985' endTime='1646209849107'><ijLogEol/>      <failureType>error</failureType><ijLogEol/>    </result><ijLogEol/>  </test><ijLogEol/></event></ijLog>
<ijLog><event type='afterSuite'><ijLogEol/>  <test id='2.3' parentId='2.2'><ijLogEol/>    <descriptor name='Gradle test' className='' /><ijLogEol/>    <result resultType='SUCCESS' startTime='1646209842975' endTime='1646209849108'><ijLogEol/>      <failureType>error</failureType><ijLogEol/>    </result><ijLogEol/>  </test><ijLogEol/></event></ijLog>
<ijLog><event type='afterSuite'><ijLogEol/>  <test id='2.2' parentId='2.1'><ijLogEol/>    <descriptor name='Gradle suite' className='' /><ijLogEol/>    <result resultType='SUCCESS' startTime='1646209842975' endTime='1646209849109'><ijLogEol/>      <failureType>error</failureType><ijLogEol/>    </result><ijLogEol/>  </test><ijLogEol/></event></ijLog>
<ijLog><event type='afterSuite'><ijLogEol/>  <test id='2.1' parentId=':test'><ijLogEol/>    <descriptor name='Gradle Test Executor 2' className='' /><ijLogEol/>    <result resultType='SUCCESS' startTime='1646209842824' endTime='1646209849109'><ijLogEol/>      <failureType>error</failureType><ijLogEol/>    </result><ijLogEol/>  </test><ijLogEol/></event></ijLog>
<ijLog><event type='afterSuite'><ijLogEol/>  <test id=':test' parentId=''><ijLogEol/>    <descriptor name='Gradle Test Run :test' className='' /><ijLogEol/>    <result resultType='SUCCESS' startTime='1646209842156' endTime='1646209849622'><ijLogEol/>      <failureType>error</failureType><ijLogEol/>    </result><ijLogEol/>  </test><ijLogEol/></event></ijLog>

BUILD SUCCESSFUL in 8s
2 actionable tasks: 1 executed, 1 up-to-date
2022-03-02T11:30:49.663+0300 [DEBUG] [org.gradle.launcher.daemon.server.exec.ExecuteBuild] The daemon has finished executing the build.
2022-03-02T11:30:49.679+0300 [DEBUG] [org.gradle.launcher.daemon.server.DaemonStateCoordinator] Command execution: finished waiting for DaemonCommandExecution[command = Build{id=7c5af3ea-cbbf-4f85-8088-fae28b5107a3, currentDir=C:\Users\Ann\Documents\GitHub\java_automation_course\addressbook-web-tests}, connection = DefaultDaemonConnection: socket connection from /127.0.0.1:60561 to /127.0.0.1:60693]. Result org.gradle.launcher.daemon.server.DaemonStateCoordinator@28bd7172 with state Busy
2022-03-02T11:30:49.679+0300 [DEBUG] [org.gradle.launcher.daemon.server.DaemonStateCoordinator] Command execution: completed DaemonCommandExecution[command = Build{id=7c5af3ea-cbbf-4f85-8088-fae28b5107a3, currentDir=C:\Users\Ann\Documents\GitHub\java_automation_course\addressbook-web-tests}, connection = DefaultDaemonConnection: socket connection from /127.0.0.1:60561 to /127.0.0.1:60693]
2022-03-02T11:30:49.680+0300 [DEBUG] [org.gradle.launcher.daemon.server.DaemonStateCoordinator] resetting idle timer
2022-03-02T11:30:49.680+0300 [INFO] [org.gradle.launcher.daemon.server.DaemonRegistryUpdater] Marking the daemon as idle, address: [c207b3fc-287f-430d-8bfb-6979995ded01 port:60561, addresses:[localhost/127.0.0.1]]
2022-03-02T11:30:49.680+0300 [DEBUG] [org.gradle.launcher.daemon.registry.PersistentDaemonRegistry] Marking busy by address: [c207b3fc-287f-430d-8bfb-6979995ded01 port:60561, addresses:[localhost/127.0.0.1]]
2022-03-02T11:30:49.680+0300 [DEBUG] [org.gradle.cache.internal.DefaultFileLockManager] Waiting to acquire exclusive lock on daemon addresses registry.
2022-03-02T11:30:49.681+0300 [DEBUG] [org.gradle.cache.internal.DefaultFileLockManager] Lock acquired on daemon addresses registry.
2022-03-02T11:30:49.681+0300 [DEBUG] [org.gradle.cache.internal.DefaultFileLockManager] Releasing lock on daemon addresses registry.
2022-03-02T11:30:49.682+0300 [DEBUG] [org.gradle.launcher.daemon.server.exec.ReturnResult] Daemon is dispatching the build result: Success[value=org.gradle.launcher.exec.BuildActionResult@26fdae31]
2022-03-02T11:30:49.682+0300 [DEBUG] [org.gradle.launcher.daemon.server.DaemonStateCoordinator] daemon is running. Sleeping until state changes.
2022-03-02T11:30:49.682+0300 [DEBUG] [org.gradle.launcher.daemon.server.SynchronizedDispatchConnection] thread 16: dispatching Success[value=org.gradle.launcher.exec.BuildActionResult@26fdae31]
2022-03-02T11:30:49.682+0300 [DEBUG] [org.gradle.launcher.daemon.server.DefaultIncomingConnectionHandler] Finishing executing command: Build{id=7c5af3ea-cbbf-4f85-8088-fae28b5107a3, currentDir=C:\Users\Ann\Documents\GitHub\java_automation_course\addressbook-web-tests}
2022-03-02T11:30:49.682+0300 [DEBUG] [org.gradle.launcher.daemon.server.SynchronizedDispatchConnection] thread 130: received class org.gradle.launcher.daemon.protocol.CloseInput
2022-03-02T11:30:49.682+0300 [DEBUG] [org.gradle.launcher.daemon.server.DefaultDaemonConnection] thread 130: Received IO message from client: org.gradle.launcher.daemon.protocol.CloseInput@32ad18e8
2022-03-02T11:30:49.683+0300 [DEBUG] [org.gradle.launcher.daemon.server.SynchronizedDispatchConnection] thread 130: received class org.gradle.launcher.daemon.protocol.Finished
2022-03-02T11:30:49.683+0300 [DEBUG] [org.gradle.launcher.daemon.server.DefaultDaemonConnection] thread 130: Received non-IO message from client: org.gradle.launcher.daemon.protocol.Finished@3c6af0cd
2022-03-02T11:30:49.683+0300 [DEBUG] [org.gradle.launcher.daemon.server.DefaultIncomingConnectionHandler] Received finished message: org.gradle.launcher.daemon.protocol.Finished@3c6af0cd
2022-03-02T11:30:49.683+0300 [DEBUG] [org.gradle.launcher.daemon.server.SynchronizedDispatchConnection] thread 16: stopping connection
2022-03-02T11:30:49.683+0300 [DEBUG] [org.gradle.internal.remote.internal.inet.SocketConnection] Discarding EOFException: java.io.EOFException
2022-03-02T11:30:49.683+0300 [DEBUG] [org.gradle.launcher.daemon.server.SynchronizedDispatchConnection] thread 130: received null
2022-03-02T11:30:49.683+0300 [DEBUG] [org.gradle.launcher.daemon.server.DefaultDaemonConnection] thread 130: Received end-of-input from client.
2022-03-02T11:30:49.684+0300 [DEBUG] [org.gradle.launcher.daemon.server.SynchronizedDispatchConnection] thread 16: stopping connection
2022-03-02T11:30:50.100+0300 [DEBUG] [org.gradle.cache.internal.DefaultFileLockManager] Waiting to acquire shared lock on daemon addresses registry.
2022-03-02T11:30:50.100+0300 [DEBUG] [org.gradle.cache.internal.DefaultFileLockManager] Lock acquired on daemon addresses registry.
2022-03-02T11:30:50.100+0300 [DEBUG] [org.gradle.cache.internal.DefaultFileLockManager] Releasing lock on daemon addresses registry.
2022-03-02T11:30:50.101+0300 [DEBUG] [org.gradle.cache.internal.DefaultFileLockManager] Waiting to acquire shared lock on daemon addresses registry.
2022-03-02T11:30:50.101+0300 [DEBUG] [org.gradle.cache.internal.DefaultFileLockManager] Lock acquired on daemon addresses registry.
2022-03-02T11:30:50.102+0300 [DEBUG] [org.gradle.cache.internal.DefaultFileLockManager] Releasing lock on daemon addresses registry.
2022-03-02T11:31:00.106+0300 [DEBUG] [org.gradle.cache.internal.DefaultFileLockManager] Waiting to acquire shared lock on daemon addresses registry.
2022-03-02T11:31:00.106+0300 [DEBUG] [org.gradle.cache.internal.DefaultFileLockManager] Lock acquired on daemon addresses registry.
2022-03-02T11:31:00.106+0300 [DEBUG] [org.gradle.cache.internal.DefaultFileLockManager] Releasing lock on daemon addresses registry.
2022-03-02T11:31:00.107+0300 [DEBUG] [org.gradle.cache.internal.DefaultFileLockManager] Waiting to acquire shared lock on daemon addresses registry.
2022-03-02T11:31:00.107+0300 [DEBUG] [org.gradle.cache.internal.DefaultFileLockManager] Lock acquired on daemon addresses registry.
2022-03-02T11:31:00.108+0300 [DEBUG] [org.gradle.cache.internal.DefaultFileLockManager] Releasing lock on daemon addresses registry.
2022-03-02T11:31:00.109+0300 [DEBUG] [org.gradle.cache.internal.DefaultFileLockManager] Waiting to acquire shared lock on daemon addresses registry.
2022-03-02T11:31:00.109+0300 [DEBUG] [org.gradle.cache.internal.DefaultFileLockManager] Lock acquired on daemon addresses registry.
2022-03-02T11:31:00.110+0300 [DEBUG] [org.gradle.cache.internal.DefaultFileLockManager] Releasing lock on daemon addresses registry.
2022-03-02T11:31:10.104+0300 [DEBUG] [org.gradle.cache.internal.DefaultFileLockManager] Waiting to acquire shared lock on daemon addresses registry.
2022-03-02T11:31:10.105+0300 [DEBUG] [org.gradle.cache.internal.DefaultFileLockManager] Lock acquired on daemon addresses registry.
2022-03-02T11:31:10.106+0300 [DEBUG] [org.gradle.cache.internal.DefaultFileLockManager] Releasing lock on daemon addresses registry.
2022-03-02T11:31:10.108+0300 [DEBUG] [org.gradle.cache.internal.DefaultFileLockManager] Waiting to acquire shared lock on daemon addresses registry.
2022-03-02T11:31:10.109+0300 [DEBUG] [org.gradle.cache.internal.DefaultFileLockManager] Lock acquired on daemon addresses registry.
2022-03-02T11:31:10.110+0300 [DEBUG] [org.gradle.cache.internal.DefaultFileLockManager] Releasing lock on daemon addresses registry.
2022-03-02T11:31:10.112+0300 [DEBUG] [org.gradle.cache.internal.DefaultFileLockManager] Waiting to acquire shared lock on daemon addresses registry.
2022-03-02T11:31:10.113+0300 [DEBUG] [org.gradle.cache.internal.DefaultFileLockManager] Lock acquired on daemon addresses registry.
2022-03-02T11:31:10.114+0300 [DEBUG] [org.gradle.cache.internal.DefaultFileLockManager] Releasing lock on daemon addresses registry.
